node   1  (   0,    0) (   4,    3) (   5,    4) (   3,    4) (   1,    2) (   1,    0) (   1,    3) (   1,    1) (   1,    1) (   1,    1)
          (   1,    0) (   1,    0) (   1,    2) (   1,    1) (   1,    0) (   1,    2) (   1,    1) (   1,    0) (   1,    1) (   1,    2)
          (   1,    2) (   1,    2) (   1,    2) (   1,    2) (   1,    3) (   1,    1) (   1,    1) (   1,    1) (   1,    1) (   1,    3)
          (   1,    0) (   1,    0) (   1,    1) (   1,    1) (   1,    1) (   1,    1) (   1,    1) (   1,    0) (   1,    1) (   1,    1)
          (   1,    1) (   1,    0) (   1,    0) (   1,    2) (   1,    0) (   1,    2) (   1,    1) (   1,    3) (   1,    1) (   1,    0)
          (   1,    1) (   1,    0) (   1,    0) (   1,    0) (   1,    0) (   1,    0) (   1,    1) (   0,    2) (   1,    0) (   1,    0)
          (   1,    0) (   1,    1) (   1,    0) (   1,    0) (   1,    0) (   1,    3) (   1,    2) (   1,    1) (   1,    0) (   1,    1)
          (   1,    0) (   1,    1) (   1,    1) (   1,    0) (   1,    2) (   1,    0) (   1,    0) (   1,    0) (   1,    2) (   1,    1)
          (   1,    0) (   1,    0) (   1,    2) (   1,    1) (   1,    2) (   1,    1) (   1,    1) (   1,    1) (   1,    3) (   1,    0)
          (   1,    0) (   1,    0) (   1,    0) (   1,    0) (   1,    2) (   1,    1) (   0,    1) (   1,    0) (   1,    1) (   1,    1)
          (   0,    1) (   1,    2) (   1,    1) (   1,    1) (   1,    1) (   0,    0) (   1,    0) (   1,    2) (   1,    0) (   1,    0)
          (   1,    1) (   1,    1) (   1,    0) (   0,    3) (   1,    1) (   0,    0) (   1,    0) (   1,    2) (   1,    1) (   1,    2)
          (   1,    1) (   1,    1) (   0,    1) (   1,    1) (   1,    0) (   1,    0) (   1,    0) (   0,    1) (   0,    1) (   0,    1)
          (   1,    1) (   1,    1) (   1,    2) (   1,    0) (   1,    1) (   0,    0) (   1,    1) (   1,    1) (   1,    0) (   0,    1)
          (   1,    1) (   1,    3) (   1,    1) (   1,    0) (   1,    1) (   1,    0) (   1,    1) (   1,    1) (   1,    0) (   1,    0)
          (   1,    2) (   1,    1) (   1,    1) (   1,    0) (   1,    3) (   0,    0) (   1,    1) (   1,    4) (   1,    0) (   1,    1)
          (   1,    1) (   1,    1) (   1,    1) (   1,    1) (   1,    0) (   1,    0) (   0,    0) (   1,    1) (   1,    1) (   1,    0)
          (   1,    0) (   1,    0) (   1,    2) (   1,    1) (   1,    2) (   1,    1) (   1,    0) (   1,    1) (   1,    3) (   1,    1)
          (   1,    0) (   0,    0) (   1,    1) (   1,    0) (   1,    0) (   1,    0) (   1,    0) (   1,    2) (   1,    2) (   1,    1)
          (   1,    3) (   1,    0) (   1,    0) (   1,    2) (   1,    1) (   1,    0) (   1,    2) (   1,    3) (   1,    1) (   1,    2)
          (   1,    0) (   0,    0) (   1,    2) (   1,    1) (   1,    0) (   1,    2) (   1,    0) (   1,    0) (   1,    1) (   1,    0)
          (   1,    0) (   1,    1) (   1,    1) (   1,    0) (   0,    1) (   1,    2) (   1,    1) (   1,    0) (   1,    1) (   1,    2)
          (   1,    1) (   1,    1) (   1,    1) (   1,    2) (   1,    0) (   1,    0) (   0,    2) (   1,    0) (   1,    1) (   1,    1)
          (   1,    4) (   1,    0) (   1,    1) (   1,    0) (   1,    1) (   1,    2) (   1,    2) (   1,    0) (   1,    1) (   1,    1)
          (   0,    1) (   1,    0) (   1,    0) (   1,    1) (   1,    1) (   1,    0) (   1,    1) (   1,    2) (   1,    1) (   1,    2)
          (   1,    1) (   1,    1) (   1,    1) (   1,    1) (   1,    2) (   1,    0) (   0,    2) (   1,    0) (   1,    0) (   1,    0)
          (   1,    1) (   1,    1) (   1,    0) (   1,    1) (   1,    0) (   1,    1) (   1,    0) (   1,    1) (   1,    2) (   1,    1)
          (   1,    0) (   1,    0) (   1,    0) (   1,    0) (   1,    1) (   1,    0) (   1,    0) (   1,    1) (   1,    2) (   1,    1)
          (   1,    3) (   1,    2) (   1,    1) (   1,    2) (   1,    1) (   1,    2) (   1,    0) (   1,    0) (   1,    0) (   1,    1)
          (   1,    1) (   1,    0) (   1,    1) (   1,    1) (   1,    1) (   1,    1) (   1,    1) (   1,    0) (   1,    0) (   1,    1)
          (   1,    0) (   1,    2) (   1,    1) (   1,    0) (   1,    0) (   1,    0) (   1,    1) (   1,    1) (   1,    1) (   1,    1)
          (   1,    2) (   1,    0) (   1,    0) (   1,    0) (   1,    2) (   1,    1) (   1,    0) (   1,    1) (   1,    3) (   1,    0)
          (   1,    2) (   1,    0) (   1,    2) (   1,    0) (   1,    1) (   1,    0) (   1,    1) (   1,    1) (   1,    2) (   1,    1)
          (   1,    0) (   1,    0) (   1,    1) (   1,    1) (   1,    0) (   1,    1) (   1,    1) (   1,    2) (   1,    0) (   1,    1)
          (   1,    3) (   1,    2) (   1,    0) (   1,    1) (   1,    1) (   1,    0) (   1,    2) (   1,    2) (   1,    0) (   1,    1)
          (   1,    0) (   1,    0) (   1,    0) (   1,    2) (   1,    1) (   1,    1) (   1,    1) (   1,    1) (   1,    0) (   1,    1)
          (   1,    2) (   1,    2) (   1,    0) (   1,    1) (   1,    1) (   1,    0) (   1,    3) (   1,    0) (   1,    2) (   1,    2)
          (   1,    1) (   1,    3) (   1,    1) (   1,    0) (   1,    3) (   1,    0) (   1,    0) (   1,    0) (   1,    1) (   1,    0)
          (   1,    1) (   1,    3) (   1,    2) (   1,    2) (   1,    1) (   1,    2) (   1,    0) (   1,    1) (   1,    1) (   1,    0)
          (   1,    1) (   1,    3) (   1,    2) (   1,    2) (   1,    1) (   1,    2) (   1,    1) (   1,    3) (   1,    0) (   1,    1)
          (   1,    0) (   1,    1) (   1,    2) (   1,    2) (   1,    1) (   1,    1) (   1,    1) (   1,    2) (   1,    0) (   1,    1)
          (   1,    3) (   1,    2) (   1,    1) (   1,    0) (   1,    1) (   1,    1) (   1,    1) (   1,    2) (   1,    1) (   1,    1)
          (   1,    1) (   1,    1) (   1,    2) (   1,    1) (   1,    0) (   1,    0) (   1,    2) (   1,    0) (   1,    1) (   1,    1)
          (   1,    1) (   1,    3) (   1,    4) (   1,    0) (   1,    1) (   1,    2) (   1,    0) (   1,    2) (   1,    2) (   1,    1)
          (   1,    0) (   1,    1) (   1,    0) (   1,    1) (   1,    1) (   1,    1) (   1,    2) (   1,    3) (   1,    2) (   1,    2)
          (   1,    1) (   1,    0) (   1,    0) (   1,    1) (   1,    0) (   1,    0) (   1,    2) (   1,    1) (   1,    1) (   1,    2)
          (   1,    3) (   1,    0) (   1,    2) (   1,    0) (   1,    2) (   1,    0) (   1,    4) (   1,    1) (   1,    3) (   1,    0)
          (   1,    0) (   1,    0) (   1,    1) (   1,    0) (   1,    1) (   1,    2) (   1,    1) (   1,    0) (   1,    0) (   1,    0)
          (   1,    0) (   1,    0) (   1,    1) (   1,    2) (   1,    1) (   1,    1) (   1,    2) (   1,    1) (   1,    1) (   1,    3)
          (   1,    1) (   1,    3) (   1,    1) (   1,    2) (   1,    0) (   1,    1) (   1,    1) (   1,    1) (   1,    1) (   1,    1)
          (   1,    1) (   1,    1) (   1,    0) (   1,    0) (   1,    0) (   1,    2) (   1,    1) (   1,    0) (   1,    0) (   1,    1)
          (   1,    1) (   1,    1) (   1,    4) (   1,    1) (   1,    2) (   1,    3) (   1,    1) (   1,    2) (   1,    1) (   1,    0)
          (   1,    1) (   1,    1) (   1,    0) (   1,    2) (   1,    2) (   1,    0) (   1,    0) (   1,    0) (   1,    1) (   1,    3)
          (   1,    0) (   1,    4) (   1,    0) (   1,    2) (   1,    0) (   1,    2) (   1,    2) (   1,    1) (   1,    1) (   1,    1)
          (   1,    0) (   1,    0) (   1,    0) (   1,    1) (   1,    2) (   1,    1) (   1,    1) (   1,    1) (   1,    0) (   1,    3)
          (   1,    0) (   1,    2) (   1,    1) (   1,    1) (   1,    0) (   1,    0) (   1,    1) (   1,    1) (   1,    2) (   1,    0)
          (   1,    0) (   1,    0) (   1,    4) (   1,    3) (   1,    1) (   1,    1) (   1,    1) (   1,    0) (   1,    0) (   1,    3)
          (   1,    0) (   1,    1) (   1,    0) (   1,    0) (   1,    2) (   1,    0) (   1,    1) (   1,    0) (   1,    0) (   1,    2)
          (   1,    2) (   1,    0) (   1,    0) (   1,    0) (   1,    2) (   1,    2) (   1,    0) (   1,    1) (   1,    1) (   1,    0)
          (   1,    2) (   1,    1) (   1,    0) (   1,    0) (   1,    3) (   1,    3) (   1,    1) (   1,    1) (   1,    1) (   1,    0)
          (   1,    1) (   1,    1) (   1,    1) (   1,    1) (   1,    2) (   1,    1) (   1,    0) (   1,    0) (   1,    1) (   1,    3)
          (   1,    0) (   1,    2) (   1,    1) (   1,    1) (   1,    2) (   1,    2) (   1,    0) (   1,    0) (   1,    1) (   1,    1)
          (   1,    1) (   1,    0) (   1,    1) (   1,    1) (   1,    2) (   1,    0) (   1,    2) (   1,    0) (   1,    1) (   1,    2)
          (   1,    1) (   1,    2) (   1,    1) (   1,    1) (   1,    3) (   1,    1) (   1,    1) (   1,    2) (   1,    0) (   1,    2)
          (   1,    0) (   1,    1) (   1,    0) (   1,    0) (   1,    0) (   1,    1) (   1,    0) (   1,    2) (   1,    0) (   1,    2)
          (   1,    1) (   1,    0) (   1,    1) (   1,    2) (   1,    1) (   1,    1) (   1,    2) (   1,    1) (   1,    2) (   1,    2)
          (   1,    1) (   1,    1) (   1,    1) (   1,    2) (   1,    2) (   1,    0) (   1,    2) (   1,    1) (   1,    0) (   1,    0)
          (   1,    1) (   1,    0) (   1,    1) (   1,    0) (   1,    0) (   1,    1) (   1,    1) (   1,    4) (   1,    0) (   1,    0)
          (   1,    0) (   1,    1) (   1,    1) (   1,    0) (   1,    0) (   1,    2) (   1,    0) (   1,    1) (   1,    2) (   1,    1)
          (   1,    0) (   1,    1) (   1,    1) (   1,    1) (   1,    1) (   1,    0) (   1,    0) (   1,    0) (   1,    0) (   1,    1)
         
node   1 sent_total    688  recv_total    689

node   2  (   1,    0) (   0,    0) (   1,    1) (   1,    1) (   1,    0) (   1,    2) (   1,    1) (   1,    2) (   1,    1) (   1,    0)
          (   1,    3) (   1,    0) (   1,    0) (   1,    0) (   1,    2) (   1,    0) (   1,    0) (   1,    1) (   1,    1) (   1,    3)
          (   1,    1) (   1,    1) (   1,    0) (   1,    3) (   1,    1) (   1,    2) (   1,    2) (   1,    0) (   1,    0) (   1,    1)
          (   1,    1) (   1,    1) (   1,    0) (   1,    0) (   1,    2) (   1,    1) (   1,    1) (   1,    0) (   1,    2) (   1,    0)
          (   1,    0) (   1,    0) (   1,    0) (   1,    3) (   1,    2) (   1,    0) (   1,    2) (   1,    1) (   1,    0) (   1,    1)
          (   1,    1) (   1,    0) (   1,    0) (   1,    0) (   1,    2) (   1,    0) (   1,    0) (   0,    1) (   1,    2) (   0,    1)
          (   1,    0) (   0,    1) (   1,    0) (   0,    0) (   0,    2) (   1,    1) (   1,    0) (   1,    0) (   1,    0) (   0,    1)
          (   1,    0) (   1,    0) (   1,    0) (   1,    2) (   1,    1) (   1,    3) (   1,    1) (   1,    1) (   1,    1) (   0,    3)
          (   1,    0) (   1,    0) (   0,    1) (   1,    0) (   1,    1) (   1,    2) (   1,    1) (   1,    0) (   0,    0) (   1,    2)
          (   1,    0) (   1,    1) (   1,    0) (   1,    0) (   1,    0) (   1,    2) (   1,    1) (   1,    3) (   1,    0) (   1,    2)
          (   1,    1) (   1,    0) (   1,    1) (   1,    1) (   0,    0) (   1,    1) (   1,    0) (   1,    2) (   1,    1) (   1,    1)
          (   1,    1) (   1,    1) (   1,    1) (   1,    0) (   1,    0) (   1,    3) (   1,    0) (   1,    1) (   1,    1) (   1,    0)
          (   1,    0) (   1,    2) (   1,    1) (   1,    0) (   1,    1) (   1,    1) (   1,    0) (   1,    0) (   1,    0) (   1,    0)
          (   1,    2) (   1,    1) (   1,    2) (   1,    1) (   1,    0) (   1,    1) (   0,    2) (   1,    1) (   1,    0) (   0,    1)
          (   1,    1) (   1,    1) (   1,    1) (   1,    1) (   1,    1) (   1,    0) (   1,    0) (   1,    1) (   1,    2) (   0,    0)
          (   1,    0) (   0,    3) (   1,    0) (   1,    2) (   1,    1) (   1,    2) (   1,    3) (   1,    0) (   1,    1) (   1,    0)
          (   1,    1) (   1,    1) (   0,    1) (   1,    0) (   1,    0) (   1,    0) (   1,    2) (   1,    0) (   0,    2) (   1,    1)
          (   1,    4) (   1,    2) (   1,    1) (   1,    0) (   1,    1) (   1,    1) (   1,    0) (   1,    1) (   1,    0) (   1,    1)
          (   1,    0) (   1,    2) (   1,    4) (   1,    0) (   1,    1) (   1,    1) (   1,    0) (   1,    0) (   1,    0) (   1,    1)
          (   1,    0) (   1,    2) (   1,    1) (   1,    1) (   1,    0) (   1,    1) (   1,    1) (   1,    0) (   0,    1) (   1,    2)
          (   0,    2) (   1,    1) (   1,    1) (   1,    1) (   1,    1) (   1,    1) (   1,    1) (   0,    1) (   0,    2) (   1,    1)
          (   1,    2) (   1,    1) (   1,    1) (   1,    4) (   1,    1) (   1,    1) (   0,    1) (   1,    2) (   1,    0) (   0,    0)
          (   1,    2) (   1,    0) (   1,    0) (   1,    1) (   0,    1) (   1,    1) (   1,    1) (   1,    3) (   1,    1) (   1,    0)
          (   1,    1) (   1,    2) (   0,    0) (   1,    0) (   1,    0) (   1,    1) (   0,    1) (   1,    1) (   1,    0) (   1,    1)
          (   1,    1) (   1,    0) (   0,    0) (   1,    1) (   1,    1) (   1,    1) (   1,    0) (   1,    1) (   1,    2) (   1,    1)
          (   1,    0) (   0,    1) (   1,    1) (   1,    1) (   1,    0) (   1,    2) (   0,    1) (   1,    3) (   1,    1) (   1,    1)
          (   1,    0) (   1,    0) (   1,    2) (   0,    1) (   1,    1) (   1,    1) (   0,    0) (   1,    0) (   1,    0) (   1,    1)
          (   1,    0) (   0,    1) (   1,    0) (   1,    0) (   1,    0) (   0,    2) (   1,    0) (   1,    0) (   1,    0) (   1,    1)
          (   1,    2) (   1,    0) (   1,    1) (   1,    2) (   1,    0) (   1,    2) (   1,    0) (   1,    0) (   1,    1) (   1,    1)
          (   1,    0) (   1,    0) (   1,    2) (   1,    0) (   0,    0) (   1,    1) (   1,    0) (   0,    2) (   1,    2) (   1,    1)
          (   1,    0) (   1,    2) (   1,    0) (   1,    2) (   1,    2) (   1,    1) (   1,    1) (   1,    1) (   1,    2) (   1,    1)
          (   1,    0) (   1,    0) (   1,    0) (   1,    2) (   1,    1) (   1,    2) (   1,    3) (   1,    1) (   1,    1) (   1,    1)
          (   1,    0) (   1,    2) (   1,    1) (   1,    2) (   1,    0) (   1,    1) (   1,    1) (   1,    2) (   1,    0) (   1,    2)
          (   1,    1) (   1,    1) (   1,    0) (   1,    2) (   1,    0) (   1,    0) (   1,    1) (   1,    1) (   1,    1) (   1,    0)
          (   1,    1) (   1,    1) (   1,    1) (   1,    0) (   1,    1) (   1,    0) (   1,    0) (   1,    1) (   1,    0) (   1,    1)
          (   1,    1) (   1,    1) (   1,    2) (   1,    2) (   1,    1) (   1,    0) (   1,    1) (   1,    1) (   1,    1) (   1,    0)
          (   1,    0) (   1,    2) (   1,    0) (   1,    0) (   1,    0) (   1,    1) (   1,    1) (   1,    0) (   1,    2) (   1,    0)
          (   1,    0) (   1,    0) (   1,    1) (   1,    2) (   1,    0) (   1,    1) (   1,    0) (   1,    1) (   1,    0) (   1,    1)
          (   1,    0) (   1,    1) (   1,    0) (   1,    0) (   1,    1) (   1,    1) (   1,    2) (   1,    1) (   1,    1) (   1,    2)
          (   1,    2) (   1,    0) (   1,    0) (   1,    3) (   1,    0) (   1,    1) (   1,    0) (   1,    0) (   1,    0) (   1,    1)
          (   1,    1) (   1,    1) (   1,    1) (   1,    1) (   1,    3) (   1,    0) (   1,    0) (   1,    0) (   1,    3) (   1,    1)
          (   1,    0) (   1,    0) (   1,    0) (   1,    0) (   1,    2) (   1,    1) (   1,    0) (   1,    0) (   1,    2) (   1,    0)
          (   1,    2) (   1,    1) (   1,    1) (   1,    1) (   1,    2) (   1,    2) (   1,    0) (   1,    0) (   1,    3) (   1,    0)
          (   1,    2) (   1,    1) (   1,    1) (   1,    2) (   1,    0) (   1,    0) (   1,    0) (   1,    2) (   1,    1) (   1,    1)
          (   1,    2) (   1,    1) (   1,    2) (   1,    1) (   1,    1) (   1,    2) (   1,    3) (   1,    0) (   1,    1) (   1,    0)
          (   1,    2) (   1,    0) (   1,    2) (   1,    1) (   1,    0) (   1,    3) (   1,    1) (   1,    1) (   1,    1) (   1,    1)
          (   1,    1) (   1,    0) (   1,    2) (   1,    1) (   1,    1) (   1,    2) (   1,    0) (   1,    1) (   1,    0) (   1,    3)
          (   1,    1) (   1,    1) (   1,    0) (   1,    1) (   1,    2) (   1,    1) (   1,    0) (   1,    1) (   1,    1) (   1,    3)
          (   1,    0) (   1,    1) (   1,    1) (   1,    1) (   1,    2) (   1,    3) (   1,    0) (   1,    2) (   1,    0) (   1,    1)
          (   1,    4) (   1,    1) (   1,    1) (   1,    1) (   1,    1) (   1,    2) (   1,    0) (   1,    1) (   1,    1) (   1,    1)
          (   1,    0) (   1,    0) (   1,    0) (   1,    2) (   1,    1) (   1,    1) (   1,    1) (   1,    2) (   1,    1) (   1,    1)
          (   1,    2) (   1,    0) (   1,    1) (   1,    2) (   1,    0) (   1,    0) (   1,    1) (   1,    2) (   1,    2) (   1,    1)
          (   1,    1) (   1,    0) (   1,    1) (   1,    0) (   1,    0) (   1,    4) (   1,    0) (   1,    1) (   1,    1) (   1,    1)
          (   1,    2) (   1,    1) (   1,    2) (   1,    0) (   1,    1) (   1,    0) (   1,    1) (   1,    1) (   1,    2) (   1,    0)
          (   1,    4) (   1,    0) (   1,    1) (   1,    0) (   1,    0) (   1,    1) (   1,    3) (   1,    2) (   1,    1) (   1,    1)
          (   1,    1) (   1,    0) (   1,    0) (   1,    0) (   1,    1) (   1,    1) (   1,    3) (   1,    0) (   1,    1) (   1,    1)
          (   1,    2) (   1,    1) (   1,    1) (   1,    0) (   1,    1) (   1,    1) (   1,    0) (   1,    1) (   1,    0) (   1,    0)
          (   1,    1) (   1,    0) (   1,    1) (   1,    1) (   1,    0) (   1,    0) (   1,    1) (   1,    1) (   1,    2) (   1,    1)
          (   1,    0) (   1,    1) (   1,    3) (   1,    0) (   1,    0) (   1,    1) (   1,    1) (   1,    2) (   1,    3) (   1,    1)
          (   1,    0) (   1,    2) (   1,    1) (   1,    2) (   1,    2) (   1,    1) (   1,    1) (   1,    1) (   1,    0) (   1,    2)
          (   1,    1) (   1,    1) (   1,    2) (   1,    1) (   1,    1) (   1,    0) (   1,    1) (   1,    0) (   1,    1) (   1,    2)
          (   1,    1) (   1,    1) (   1,    2) (   1,    0) (   1,    2) (   1,    1) (   1,    3) (   1,    1) (   1,    0) (   1,    0)
          (   1,    2) (   1,    0) (   1,    1) (   1,    0) (   1,    1) (   1,    2) (   1,    3) (   1,    2) (   1,    1) (   1,    1)
          (   1,    2) (   1,    1) (   1,    0) (   1,    0) (   1,    0) (   1,    0) (   1,    1) (   1,    2) (   1,    1) (   1,    0)
          (   1,    1) (   1,    2) (   1,    1) (   1,    3) (   1,    3) (   1,    0) (   1,    2) (   1,    2) (   1,    2) (   1,    0)
          (   1,    3) (   1,    1) (   1,    1) (   1,    1) (   1,    1) (   1,    2) (   1,    0) (   1,    0) (   1,    0) (   1,    0)
          (   1,    0) (   1,    4) (   1,    0) (   1,    1) (   1,    1) (   1,    2) (   1,    1) (   1,    1) (   1,    0) (   1,    0)
          (   1,    1) (   1,    1) (   1,    1) (   1,    0) (   1,    0) (   1,    2) (   1,    1) (   1,    1) (   1,    0) (   1,    0)
          (   1,    0) (   1,    2) (   1,    1) (   1,    2) (   1,    3) (   1,    1) (   1,    3) (   1,    0) (   1,    0) (   1,    0)
          (   1,    0) (   1,    0) (   1,    2) (   1,    0) (   1,    2) (   1,    2) (   1,    2) (   1,    1) (   1,    1) (   1,    0)
         
node   2 sent_total    665  recv_total    661

node   3  (   1,    0) (   0,    0) (   1,    1) (   1,    0) (   1,    4) (   1,    2) (   1,    1) (   1,    1) (   1,    2) (   1,    0)
          (   1,    0) (   1,    0) (   1,    2) (   1,    3) (   1,    0) (   1,    0) (   1,    3) (   1,    2) (   1,    3) (   1,    0)
          (   1,    0) (   1,    0) (   1,    1) (   1,    0) (   1,    0) (   1,    0) (   1,    0) (   1,    0) (   1,    1) (   1,    2)
          (   1,    2) (   1,    2) (   1,    1) (   1,    2) (   1,    1) (   1,    1) (   1,    1) (   1,    2) (   1,    0) (   1,    1)
          (   1,    1) (   1,    1) (   1,    3) (   1,    1) (   1,    1) (   1,    2) (   1,    0) (   1,    0) (   1,    1) (   1,    2)
          (   1,    1) (   1,    0) (   1,    0) (   1,    0) (   1,    1) (   1,    0) (   1,    3) (   0,    1) (   1,    0) (   1,    1)
          (   1,    0) (   0,    1) (   1,    2) (   1,    0) (   1,    0) (   1,    0) (   1,    1) (   1,    2) (   1,    0) (   1,    0)
          (   1,    0) (   1,    3) (   1,    1) (   1,    2) (   1,    1) (   1,    0) (   1,    1) (   1,    4) (   1,    1) (   1,    1)
          (   1,    0) (   1,    1) (   1,    1) (   1,    0) (   1,    0) (   1,    0) (   1,    0) (   1,    2) (   1,    1) (   1,    0)
          (   1,    1) (   1,    1) (   1,    1) (   1,    3) (   1,    2) (   1,    1) (   1,    1) (   1,    1) (   0,    2) (   0,    0)
          (   1,    0) (   1,    2) (   0,    1) (   1,    1) (   1,    2) (   1,    1) (   1,    0) (   1,    1) (   1,    1) (   0,    2)
          (   1,    0) (   1,    2) (   1,    1) (   1,    1) (   1,    0) (   1,    1) (   1,    3) (   1,    1) (   1,    0) (   0,    0)
          (   1,    0) (   1,    0) (   1,    0) (   0,    3) (   1,    1) (   1,    1) (   1,    2) (   0,    1) (   1,    1) (   1,    0)
          (   1,    1) (   1,    0) (   1,    0) (   0,    1) (   1,    1) (   1,    0) (   1,    0) (   0,    0) (   1,    0) (   1,    1)
          (   1,    2) (   1,    0) (   1,    1) (   1,    2) (   1,    0) (   1,    1) (   1,    2) (   1,    4) (   1,    1) (   1,    2)
          (   1,    0) (   1,    1) (   1,    0) (   1,    2) (   1,    1) (   1,    0) (   1,    1) (   1,    1) (   1,    0) (   1,    0)
          (   0,    1) (   1,    1) (   1,    0) (   1,    0) (   1,    0) (   1,    1) (   1,    0) (   1,    1) (   1,    1) (   1,    3)
          (   0,    1) (   0,    0) (   1,    0) (   1,    1) (   1,    2) (   1,    1) (   1,    1) (   1,    1) (   1,    1) (   1,    3)
          (   1,    1) (   1,    1) (   1,    0) (   1,    1) (   0,    0) (   1,    0) (   0,    0) (   1,    0) (   1,    1) (   1,    0)
          (   1,    2) (   1,    1) (   1,    0) (   1,    1) (   1,    0) (   1,    2) (   0,    0) (   1,    0) (   1,    0) (   1,    0)
          (   1,    1) (   1,    1) (   1,    0) (   1,    2) (   1,    0) (   1,    2) (   1,    2) (   1,    1) (   1,    1) (   1,    0)
          (   1,    0) (   1,    1) (   1,    0) (   1,    0) (   1,    0) (   1,    1) (   1,    1) (   1,    0) (   1,    0) (   1,    0)
          (   1,    0) (   1,    1) (   1,    0) (   0,    1) (   0,    0) (   1,    2) (   1,    1) (   1,    1) (   1,    1) (   1,    0)
          (   1,    1) (   1,    1) (   1,    1) (   1,    0) (   1,    3) (   1,    1) (   1,    1) (   1,    0) (   1,    0) (   1,    0)
          (   1,    1) (   1,    0) (   1,    2) (   1,    3) (   1,    0) (   1,    3) (   1,    0) (   1,    0) (   1,    2) (   1,    2)
          (   0,    3) (   1,    1) (   1,    2) (   1,    1) (   1,    0) (   1,    0) (   1,    3) (   1,    0) (   1,    1) (   1,    1)
          (   0,    0) (   1,    1) (   1,    1) (   1,    1) (   1,    1) (   0,    0) (   1,    0) (   1,    2) (   1,    1) (   1,    0)
          (   1,    3) (   0,    1) (   1,    2) (   1,    0) (   1,    2) (   1,    0) (   1,    1) (   0,    0) (   1,    1) (   1,    1)
          (   1,    0) (   1,    0) (   1,    1) (   1,    1) (   1,    1) (   1,    1) (   0,    1) (   1,    1) (   1,    1) (   1,    1)
          (   1,    1) (   1,    1) (   1,    1) (   1,    1) (   1,    0) (   0,    0) (   1,    0) (   1,    0) (   1,    1) (   0,    2)
          (   1,    2) (   1,    1) (   1,    1) (   1,    0) (   1,    1) (   1,    3) (   1,    2) (   1,    0) (   1,    1) (   1,    1)
          (   1,    2) (   1,    0) (   1,    2) (   1,    3) (   1,    0) (   1,    1) (   1,    0) (   1,    1) (   1,    1) (   1,    1)
          (   1,    1) (   1,    1) (   1,    2) (   1,    2) (   1,    2) (   1,    2) (   1,    0) (   1,    0) (   1,    2) (   1,    0)
          (   1,    1) (   1,    2) (   1,    1) (   1,    1) (   1,    1) (   1,    1) (   1,    1) (   1,    1) (   1,    1) (   1,    0)
          (   1,    2) (   1,    1) (   1,    3) (   1,    1) (   1,    2) (   1,    0) (   1,    0) (   1,    1) (   1,    2) (   1,    1)
          (   1,    0) (   1,    0) (   1,    1) (   1,    0) (   1,    2) (   1,    1) (   1,    1) (   1,    1) (   1,    0) (   1,    2)
          (   1,    2) (   1,    1) (   1,    1) (   1,    1) (   1,    1) (   1,    1) (   1,    0) (   1,    2) (   1,    0) (   1,    0)
          (   1,    2) (   1,    2) (   1,    1) (   1,    1) (   1,    3) (   1,    0) (   1,    2) (   1,    1) (   1,    1) (   1,    3)
          (   1,    0) (   1,    1) (   1,    4) (   1,    2) (   1,    2) (   1,    1) (   1,    1) (   1,    1) (   1,    0) (   1,    0)
          (   1,    0) (   1,    2) (   1,    1) (   1,    1) (   1,    0) (   1,    0) (   1,    1) (   1,    2) (   1,    2) (   1,    1)
          (   1,    3) (   1,    3) (   1,    2) (   1,    1) (   1,    0) (   1,    1) (   1,    2) (   1,    0) (   1,    0) (   1,    0)
          (   1,    1) (   1,    1) (   1,    1) (   1,    2) (   1,    0) (   1,    1) (   1,    1) (   1,    0) (   1,    1) (   1,    2)
          (   1,    1) (   1,    1) (   1,    0) (   1,    1) (   1,    0) (   1,    3) (   1,    3) (   1,    1) (   1,    2) (   1,    0)
          (   1,    0) (   1,    1) (   1,    0) (   1,    0) (   1,    2) (   1,    1) (   1,    2) (   1,    0) (   1,    4) (   1,    1)
          (   1,    2) (   1,    2) (   1,    1) (   1,    0) (   1,    0) (   1,    1) (   1,    0) (   1,    2) (   1,    2) (   1,    0)
          (   1,    2) (   1,    1) (   1,    1) (   1,    2) (   1,    1) (   1,    0) (   1,    0) (   1,    2) (   1,    1) (   1,    0)
          (   1,    0) (   1,    0) (   1,    1) (   1,    0) (   1,    1) (   1,    3) (   1,    1) (   1,    0) (   1,    0) (   1,    1)
          (   1,    1) (   1,    0) (   1,    0) (   1,    2) (   1,    0) (   1,    0) (   1,    1) (   1,    1) (   1,    0) (   1,    2)
          (   1,    5) (   1,    1) (   1,    0) (   1,    0) (   1,    0) (   1,    1) (   1,    2) (   1,    1) (   1,    1) (   1,    1)
          (   1,    1) (   1,    0) (   1,    1) (   1,    2) (   1,    1) (   1,    0) (   1,    3) (   1,    1) (   1,    1) (   1,    1)
          (   1,    1) (   1,    1) (   1,    1) (   1,    1) (   1,    2) (   1,    0) (   1,    3) (   1,    2) (   1,    2) (   1,    2)
          (   1,    0) (   1,    3) (   1,    2) (   1,    0) (   1,    0) (   1,    0) (   1,    1) (   1,    0) (   1,    1) (   1,    1)
          (   1,    0) (   1,    3) (   1,    1) (   1,    2) (   1,    1) (   1,    1) (   1,    1) (   1,    1) (   1,    1) (   1,    2)
          (   1,    0) (   1,    1) (   1,    1) (   1,    1) (   1,    0) (   1,    3) (   1,    0) (   1,    2) (   1,    0) (   1,    2)
          (   1,    0) (   1,    1) (   1,    2) (   1,    1) (   1,    2) (   1,    2) (   1,    1) (   1,    2) (   1,    1) (   1,    0)
          (   1,    2) (   1,    0) (   1,    0) (   1,    1) (   1,    2) (   1,    2) (   1,    1) (   1,    0) (   1,    0) (   1,    2)
          (   1,    1) (   1,    1) (   1,    0) (   1,    0) (   1,    0) (   1,    0) (   1,    1) (   1,    1) (   1,    2) (   1,    3)
          (   1,    1) (   1,    3) (   1,    3) (   1,    2) (   1,    2) (   1,    2) (   1,    1) (   1,    1) (   1,    1) (   1,    0)
          (   1,    0) (   1,    0) (   1,    0) (   1,    3) (   1,    1) (   1,    1) (   1,    0) (   1,    1) (   1,    3) (   1,    0)
          (   1,    0) (   1,    0) (   1,    1) (   1,    1) (   1,    0) (   1,    0) (   1,    1) (   1,    2) (   1,    2) (   1,    0)
          (   1,    0) (   1,    0) (   1,    1) (   1,    2) (   1,    1) (   1,    0) (   1,    0) (   1,    3) (   1,    0) (   1,    0)
          (   1,    3) (   1,    2) (   1,    0) (   1,    1) (   1,    1) (   1,    0) (   1,    0) (   1,    1) (   1,    1) (   1,    0)
          (   1,    1) (   1,    2) (   1,    0) (   1,    0) (   1,    1) (   1,    1) (   1,    0) (   1,    0) (   1,    2) (   1,    2)
          (   1,    1) (   1,    0) (   1,    3) (   1,    1) (   1,    2) (   1,    3) (   1,    0) (   1,    1) (   1,    0) (   1,    1)
          (   1,    1) (   1,    2) (   1,    2) (   1,    0) (   1,    2) (   1,    2) (   1,    1) (   1,    1) (   1,    1) (   1,    0)
          (   1,    1) (   1,    2) (   1,    3) (   1,    0) (   1,    0) (   1,    0) (   1,    1) (   1,    0) (   1,    0) (   1,    1)
          (   1,    1) (   1,    1) (   1,    1) (   1,    0) (   1,    2) (   1,    1) (   1,    0) (   1,    1) (   1,    1) (   1,    2)
          (   1,    0) (   1,    1) (   1,    0) (   1,    1) (   1,    1) (   1,    1) (   1,    2) (   1,    0) (   1,    0) (   1,    1)
          (   1,    0) (   1,    1) (   1,    1) (   1,    0) (   1,    0) (   1,    1) (   1,    0) (   1,    0) (   1,    2) (   1,    0)
          (   1,    0) (   1,    1) (   1,    0) (   1,    2) (   1,    2) (   1,    0) (   1,    1) (   1,    0) (   1,    2) (   1,    2)
         
node   3 sent_total    672  recv_total    680

node   4  (   1,    0) (   0,    0) (   1,    2) (   1,    0) (   1,    1) (   1,    0) (   1,    0) (   1,    0) (   1,    1) (   1,    3)
          (   1,    0) (   1,    2) (   1,    1) (   1,    2) (   1,    2) (   1,    4) (   1,    3) (   1,    1) (   1,    2) (   1,    2)
          (   1,    1) (   1,    1) (   1,    1) (   1,    0) (   1,    1) (   1,    1) (   1,    1) (   1,    2) (   1,    1) (   1,    2)
          (   1,    0) (   1,    1) (   1,    2) (   1,    2) (   1,    0) (   1,    0) (   1,    1) (   1,    1) (   1,    1) (   1,    0)
          (   1,    1) (   1,    1) (   1,    0) (   1,    1) (   1,    3) (   1,    1) (   1,    0) (   1,    1) (   1,    1) (   1,    1)
          (   1,    0) (   0,    2) (   1,    1) (   1,    2) (   0,    2) (   1,    2) (   1,    0) (   1,    2) (   1,    0) (   1,    1)
          (   1,    3) (   1,    0) (   1,    1) (   1,    0) (   1,    2) (   1,    0) (   0,    3) (   1,    0) (   1,    0) (   1,    0)
          (   1,    1) (   1,    1) (   1,    1) (   1,    1) (   1,    0) (   1,    0) (   1,    3) (   1,    0) (   1,    2) (   1,    0)
          (   1,    2) (   1,    2) (   1,    0) (   1,    0) (   1,    1) (   1,    1) (   1,    0) (   1,    2) (   1,    1) (   1,    0)
          (   1,    1) (   1,    0) (   1,    1) (   1,    0) (   1,    1) (   1,    1) (   1,    0) (   1,    1) (   1,    1) (   1,    0)
          (   1,    1) (   1,    1) (   1,    1) (   1,    1) (   1,    0) (   0,    1) (   1,    0) (   1,    0) (   1,    2) (   1,    1)
          (   1,    0) (   1,    1) (   1,    0) (   1,    2) (   0,    0) (   1,    0) (   1,    2) (   1,    0) (   0,    3) (   1,    0)
          (   1,    1) (   1,    0) (   1,    1) (   1,    1) (   1,    0) (   1,    2) (   1,    0) (   1,    0) (   0,    1) (   1,    1)
          (   1,    0) (   1,    1) (   1,    0) (   1,    1) (   0,    1) (   1,    1) (   1,    0) (   1,    0) (   1,    1) (   1,    0)
          (   1,    0) (   1,    2) (   1,    1) (   1,    1) (   1,    2) (   1,    1) (   1,    2) (   0,    0) (   0,    0) (   1,    2)
          (   1,    1) (   1,    1) (   1,    0) (   1,    1) (   1,    0) (   1,    0) (   1,    1) (   1,    0) (   1,    1) (   1,    2)
          (   1,    1) (   1,    0) (   1,    2) (   1,    0) (   1,    2) (   1,    1) (   0,    1) (   1,    1) (   1,    1) (   1,    0)
          (   1,    0) (   1,    3) (   1,    1) (   1,    0) (   1,    1) (   1,    0) (   1,    1) (   1,    2) (   1,    2) (   1,    0)
          (   1,    1) (   1,    0) (   1,    1) (   1,    2) (   1,    3) (   0,    2) (   0,    1) (   1,    1) (   1,    3) (   0,    1)
          (   1,    1) (   1,    1) (   1,    1) (   0,    2) (   1,    0) (   1,    0) (   1,    1) (   1,    1) (   1,    0) (   1,    0)
          (   1,    1) (   1,    0) (   1,    1) (   1,    1) (   1,    1) (   1,    2) (   1,    0) (   1,    1) (   1,    1) (   1,    0)
          (   1,    2) (   1,    2) (   1,    1) (   1,    0) (   1,    2) (   1,    1) (   1,    1) (   0,    0) (   1,    2) (   1,    2)
          (   1,    1) (   1,    1) (   1,    2) (   0,    0) (   1,    1) (   1,    0) (   1,    0) (   1,    0) (   1,    0) (   1,    2)
          (   1,    1) (   1,    0) (   0,    0) (   1,    2) (   1,    3) (   1,    0) (   1,    0) (   1,    1) (   0,    0) (   1,    0)
          (   0,    0) (   1,    0) (   1,    1) (   1,    1) (   1,    3) (   1,    1) (   1,    3) (   1,    0) (   1,    0) (   1,    0)
          (   1,    0) (   0,    1) (   0,    1) (   1,    0) (   1,    0) (   0,    1) (   1,    0) (   1,    0) (   1,    2) (   0,    1)
          (   1,    0) (   1,    1) (   1,    0) (   1,    0) (   1,    0) (   1,    1) (   1,    2) (   0,    0) (   1,    0) (   1,    3)
          (   1,    1) (   1,    2) (   1,    0) (   1,    0) (   1,    3) (   0,    1) (   1,    0) (   1,    2) (   1,    1) (   1,    0)
          (   1,    0) (   1,    1) (   0,    2) (   1,    0) (   1,    1) (   1,    0) (   1,    3) (   1,    0) (   1,    3) (   1,    2)
          (   0,    3) (   1,    3) (   1,    0) (   1,    1) (   1,    0) (   1,    2) (   1,    2) (   1,    1) (   1,    1) (   1,    1)
          (   1,    1) (   1,    0) (   1,    3) (   1,    2) (   1,    2) (   1,    1) (   1,    1) (   1,    1) (   1,    1) (   1,    3)
          (   1,    0) (   1,    2) (   1,    1) (   1,    1) (   1,    1) (   1,    0) (   1,    0) (   1,    1) (   1,    1) (   1,    0)
          (   1,    0) (   1,    2) (   1,    1) (   1,    4) (   1,    0) (   1,    0) (   1,    0) (   1,    2) (   1,    0) (   1,    1)
          (   1,    2) (   1,    1) (   1,    1) (   1,    2) (   1,    1) (   1,    2) (   1,    2) (   1,    1) (   1,    0) (   1,    1)
          (   1,    0) (   1,    1) (   1,    0) (   1,    3) (   1,    1) (   1,    2) (   1,    0) (   1,    2) (   1,    1) (   1,    1)
          (   1,    0) (   1,    0) (   1,    2) (   1,    0) (   1,    0) (   1,    1) (   1,    1) (   1,    2) (   1,    0) (   1,    1)
          (   1,    0) (   1,    0) (   1,    1) (   1,    2) (   1,    1) (   1,    0) (   1,    3) (   1,    0) (   1,    0) (   1,    2)
          (   1,    1) (   1,    2) (   1,    1) (   1,    2) (   1,    1) (   1,    1) (   1,    2) (   1,    1) (   1,    1) (   1,    1)
          (   1,    0) (   1,    2) (   1,    0) (   1,    1) (   1,    1) (   1,    1) (   1,    2) (   1,    0) (   1,    0) (   1,    1)
          (   1,    3) (   1,    2) (   1,    2) (   1,    1) (   1,    1) (   1,    2) (   1,    3) (   1,    2) (   1,    1) (   1,    1)
          (   1,    1) (   1,    0) (   1,    1) (   1,    1) (   1,    2) (   1,    1) (   1,    0) (   1,    0) (   1,    0) (   1,    0)
          (   1,    0) (   1,    1) (   1,    1) (   1,    1) (   1,    3) (   1,    2) (   1,    0) (   1,    0) (   1,    1) (   1,    0)
          (   1,    1) (   1,    0) (   1,    0) (   1,    0) (   1,    0) (   1,    0) (   1,    1) (   1,    4) (   1,    0) (   1,    1)
          (   1,    2) (   1,    0) (   1,    0) (   1,    1) (   1,    0) (   1,    1) (   1,    0) (   1,    2) (   1,    0) (   1,    0)
          (   1,    0) (   1,    0) (   1,    1) (   1,    2) (   1,    1) (   1,    1) (   1,    0) (   1,    0) (   1,    1) (   1,    2)
          (   1,    0) (   1,    3) (   1,    1) (   1,    1) (   1,    1) (   1,    2) (   1,    0) (   1,    0) (   1,    1) (   1,    1)
          (   1,    2) (   1,    1) (   1,    0) (   1,    1) (   1,    0) (   1,    1) (   1,    0) (   1,    0) (   1,    3) (   1,    1)
          (   1,    1) (   1,    2) (   1,    3) (   1,    0) (   1,    2) (   1,    3) (   1,    1) (   1,    1) (   1,    0) (   1,    1)
          (   1,    0) (   1,    2) (   1,    1) (   1,    0) (   1,    2) (   1,    1) (   1,    1) (   1,    1) (   1,    1) (   1,    2)
          (   1,    2) (   1,    2) (   1,    0) (   1,    1) (   1,    1) (   1,    0) (   1,    0) (   1,    2) (   1,    0) (   1,    1)
          (   1,    2) (   1,    1) (   1,    2) (   1,    1) (   1,    0) (   1,    0) (   1,    0) (   1,    1) (   1,    2) (   1,    0)
          (   1,    0) (   1,    1) (   1,    0) (   1,    0) (   1,    3) (   1,    0) (   1,    1) (   1,    0) (   1,    0) (   1,    2)
          (   1,    0) (   1,    0) (   1,    0) (   1,    0) (   1,    2) (   1,    0) (   1,    2) (   1,    3) (   1,    1) (   1,    0)
          (   1,    0) (   1,    0) (   1,    1) (   1,    1) (   1,    0) (   1,    2) (   1,    3) (   1,    0) (   1,    1) (   1,    0)
          (   1,    1) (   1,    1) (   1,    2) (   1,    0) (   1,    1) (   1,    1) (   1,    1) (   1,    1) (   1,    2) (   1,    1)
          (   1,    0) (   1,    2) (   1,    2) (   1,    4) (   1,    0) (   1,    1) (   1,    0) (   1,    1) (   1,    0) (   1,    1)
          (   1,    0) (   1,    0) (   1,    0) (   1,    1) (   1,    0) (   1,    1) (   1,    3) (   1,    1) (   1,    2) (   1,    2)
          (   1,    0) (   1,    0) (   1,    0) (   1,    1) (   1,    1) (   1,    1) (   1,    1) (   1,    3) (   1,    2) (   1,    0)
          (   1,    2) (   1,    0) (   1,    2) (   1,    1) (   1,    0) (   1,    0) (   1,    3) (   1,    2) (   1,    0) (   1,    1)
          (   1,    1) (   1,    0) (   1,    0) (   1,    2) (   1,    0) (   1,    0) (   1,    0) (   1,    0) (   1,    1) (   1,    3)
          (   1,    0) (   1,    1) (   1,    2) (   1,    1) (   1,    1) (   1,    0) (   1,    2) (   1,    0) (   1,    1) (   1,    1)
          (   1,    1) (   1,    0) (   1,    0) (   1,    3) (   1,    0) (   1,    1) (   1,    1) (   1,    0) (   1,    1) (   1,    3)
          (   1,    1) (   1,    3) (   1,    1) (   1,    1) (   1,    0) (   1,    3) (   1,    0) (   1,    1) (   1,    1) (   1,    1)
          (   1,    0) (   1,    0) (   1,    2) (   1,    1) (   1,    1) (   1,    1) (   1,    2) (   1,    0) (   1,    0) (   1,    1)
          (   1,    0) (   1,    3) (   1,    1) (   1,    0) (   1,    0) (   1,    0) (   1,    4) (   1,    1) (   1,    2) (   1,    1)
          (   1,    1) (   1,    1) (   1,    2) (   1,    1) (   1,    0) (   1,    0) (   1,    3) (   1,    5) (   1,    0) (   1,    0)
          (   1,    3) (   1,    0) (   1,    1) (   1,    1) (   1,    0) (   1,    0) (   1,    1) (   1,    0) (   1,    1) (   1,    1)
          (   1,    0) (   1,    0) (   1,    1) (   1,    1) (   1,    2) (   1,    0) (   1,    2) (   1,    1) (   1,    1) (   1,    3)
          (   1,    2) (   1,    1) (   1,    0) (   1,    1) (   1,    1) (   1,    1) (   1,    2) (   1,    2) (   1,    1) (   1,    1)
          (   1,    3) (   1,    1) (   1,    1) (   1,    2) (   1,    0) (   1,    0) (   1,    1) (   1,    0) (   1,    0) (   1,    1)
         
node   4 sent_total    671  recv_total    675

node   5  (   0,    0) (   1,    0) (   0,    0) (   1,    1) (   1,    0) (   1,    2) (   1,    3) (   1,    1) (   1,    1) (   1,    1)
          (   1,    1) (   1,    2) (   1,    1) (   1,    1) (   1,    2) (   1,    0) (   1,    2) (   1,    1) (   1,    0) (   1,    1)
          (   1,    2) (   1,    1) (   1,    1) (   1,    1) (   1,    1) (   1,    0) (   1,    2) (   1,    1) (   1,    1) (   1,    1)
          (   1,    1) (   1,    1) (   1,    1) (   1,    0) (   1,    0) (   1,    2) (   1,    1) (   1,    0) (   1,    0) (   1,    3)
          (   1,    0) (   1,    1) (   1,    0) (   1,    0) (   1,    0) (   1,    2) (   1,    2) (   1,    1) (   1,    0) (   1,    2)
          (   1,    0) (   0,    0) (   1,    0) (   1,    0) (   1,    0) (   1,    3) (   1,    1) (   1,    1) (   1,    0) (   0,    2)
          (   1,    2) (   1,    1) (   1,    0) (   0,    3) (   1,    1) (   1,    1) (   1,    1) (   1,    1) (   1,    2) (   1,    2)
          (   1,    2) (   1,    0) (   1,    0) (   1,    0) (   1,    3) (   1,    0) (   1,    0) (   1,    1) (   1,    0) (   0,    2)
          (   1,    2) (   1,    3) (   1,    1) (   1,    1) (   1,    0) (   1,    1) (   1,    1) (   1,    1) (   1,    0) (   1,    3)
          (   1,    3) (   1,    0) (   1,    3) (   1,    0) (   1,    1) (   0,    1) (   1,    1) (   1,    1) (   1,    0) (   1,    0)
          (   1,    1) (   1,    0) (   1,    1) (   1,    0) (   1,    1) (   1,    0) (   1,    1) (   1,    1) (   0,    0) (   1,    1)
          (   1,    0) (   1,    3) (   1,    2) (   1,    0) (   1,    1) (   1,    0) (   1,    1) (   1,    0) (   1,    0) (   1,    2)
          (   1,    0) (   1,    2) (   1,    2) (   1,    1) (   1,    0) (   1,    1) (   0,    0) (   1,    3) (   0,    1) (   1,    2)
          (   1,    1) (   0,    2) (   1,    1) (   1,    1) (   1,    2) (   1,    1) (   1,    2) (   1,    1) (   1,    1) (   1,    2)
          (   1,    1) (   1,    0) (   1,    1) (   1,    1) (   1,    1) (   1,    3) (   1,    0) (   1,    1) (   1,    0) (   1,    3)
          (   1,    0) (   1,    0) (   1,    2) (   1,    2) (   1,    0) (   1,    2) (   1,    0) (   1,    1) (   1,    1) (   1,    2)
          (   1,    1) (   1,    1) (   0,    0) (   1,    4) (   1,    1) (   1,    2) (   1,    2) (   1,    1) (   1,    1) (   1,    1)
          (   1,    2) (   1,    1) (   1,    0) (   1,    0) (   1,    1) (   1,    1) (   1,    0) (   1,    0) (   1,    0) (   1,    0)
          (   1,    1) (   1,    1) (   1,    0) (   1,    1) (   1,    1) (   1,    1) (   1,    0) (   1,    1) (   1,    1) (   0,    3)
          (   1,    1) (   1,    0) (   1,    0) (   1,    1) (   1,    0) (   1,    2) (   1,    0) (   1,    1) (   1,    1) (   1,    2)
          (   1,    0) (   1,    0) (   0,    0) (   1,    0) (   1,    2) (   1,    0) (   0,    1) (   1,    1) (   0,    0) (   1,    2)
          (   1,    1) (   1,    1) (   1,    0) (   0,    0) (   1,    1) (   0,    1) (   1,    0) (   1,    0) (   1,    1) (   1,    1)
          (   1,    1) (   1,    2) (   1,    0) (   1,    1) (   1,    1) (   1,    3) (   1,    0) (   1,    2) (   1,    0) (   1,    3)
          (   1,    0) (   1,    0) (   1,    1) (   1,    1) (   1,    0) (   1,    1) (   1,    0) (   1,    1) (   1,    2) (   1,    0)
          (   1,    1) (   0,    1) (   1,    2) (   1,    0) (   0,    1) (   1,    1) (   1,    1) (   0,    0) (   1,    0) (   1,    1)
          (   1,    1) (   1,    1) (   1,    2) (   1,    1) (   1,    1) (   1,    1) (   1,    0) (   1,    2) (   1,    1) (   1,    1)
          (   1,    1) (   1,    1) (   1,    1) (   0,    0) (   1,    0) (   1,    3) (   1,    1) (   1,    0) (   1,    0) (   1,    0)
          (   1,    0) (   1,    1) (   1,    0) (   1,    3) (   1,    0) (   1,    0) (   1,    1) (   1,    1) (   1,    1) (   1,    3)
          (   1,    2) (   1,    1) (   1,    2) (   1,    0) (   1,    4) (   0,    1) (   1,    1) (   1,    3) (   1,    2) (   1,    1)
          (   1,    1) (   1,    2) (   1,    0) (   1,    1) (   1,    3) (   1,    3) (   1,    3) (   1,    0) (   1,    0) (   1,    1)
          (   1,    2) (   1,    1) (   1,    0) (   1,    4) (   1,    2) (   1,    1) (   1,    1) (   1,    0) (   1,    0) (   1,    1)
          (   1,    0) (   1,    0) (   1,    1) (   1,    0) (   1,    0) (   1,    0) (   1,    0) (   1,    0) (   1,    1) (   1,    2)
          (   1,    0) (   1,    0) (   1,    0) (   1,    0) (   1,    1) (   1,    1) (   1,    1) (   1,    0) (   1,    1) (   1,    0)
          (   1,    1) (   1,    1) (   1,    1) (   1,    0) (   1,    1) (   1,    1) (   1,    2) (   1,    2) (   1,    2) (   1,    3)
          (   1,    0) (   1,    0) (   1,    1) (   1,    2) (   1,    1) (   1,    2) (   1,    1) (   1,    1) (   1,    0) (   1,    2)
          (   1,    1) (   1,    0) (   1,    0) (   1,    0) (   1,    1) (   1,    1) (   1,    3) (   1,    0) (   1,    1) (   1,    0)
          (   1,    1) (   1,    0) (   1,    2) (   1,    0) (   1,    3) (   1,    2) (   1,    1) (   1,    2) (   1,    1) (   1,    1)
          (   1,    1) (   1,    1) (   1,    1) (   1,    1) (   1,    0) (   1,    1) (   1,    0) (   1,    0) (   1,    1) (   1,    1)
          (   1,    2) (   1,    0) (   1,    2) (   1,    0) (   1,    0) (   1,    1) (   1,    2) (   1,    1) (   1,    3) (   1,    1)
          (   1,    1) (   1,    0) (   1,    0) (   1,    1) (   1,    2) (   1,    2) (   1,    2) (   1,    1) (   1,    1) (   1,    0)
          (   1,    0) (   1,    0) (   1,    2) (   1,    1) (   1,    2) (   1,    0) (   1,    0) (   1,    1) (   1,    0) (   1,    3)
          (   1,    0) (   1,    1) (   1,    0) (   1,    2) (   1,    0) (   1,    1) (   1,    0) (   1,    0) (   1,    2) (   1,    3)
          (   1,    1) (   1,    1) (   1,    2) (   1,    2) (   1,    0) (   1,    1) (   1,    1) (   1,    0) (   1,    0) (   1,    1)
          (   1,    2) (   1,    1) (   1,    0) (   1,    0) (   1,    2) (   1,    3) (   1,    0) (   1,    0) (   1,    1) (   1,    0)
          (   1,    1) (   1,    1) (   1,    1) (   1,    1) (   1,    0) (   1,    1) (   1,    0) (   1,    1) (   1,    0) (   1,    0)
          (   1,    0) (   1,    0) (   1,    0) (   1,    1) (   1,    1) (   1,    1) (   1,    4) (   1,    0) (   1,    1) (   1,    1)
          (   1,    2) (   1,    2) (   1,    2) (   1,    3) (   1,    0) (   1,    2) (   1,    0) (   1,    0) (   1,    0) (   1,    1)
          (   1,    2) (   1,    0) (   1,    0) (   1,    1) (   1,    1) (   1,    1) (   1,    1) (   1,    2) (   1,    0) (   1,    0)
          (   1,    1) (   1,    0) (   1,    0) (   1,    1) (   1,    2) (   1,    0) (   1,    1) (   1,    1) (   1,    1) (   1,    0)
          (   1,    1) (   1,    1) (   1,    2) (   1,    0) (   1,    0) (   1,    2) (   1,    1) (   1,    0) (   1,    0) (   1,    0)
          (   1,    0) (   1,    0) (   1,    2) (   1,    1) (   1,    0) (   1,    2) (   1,    1) (   1,    1) (   1,    1) (   1,    0)
          (   1,    1) (   1,    0) (   1,    1) (   1,    1) (   1,    0) (   1,    2) (   1,    1) (   1,    0) (   1,    1) (   1,    2)
          (   1,    0) (   1,    0) (   1,    1) (   1,    2) (   1,    0) (   1,    1) (   1,    1) (   1,    1) (   1,    3) (   1,    0)
          (   1,    1) (   1,    0) (   1,    1) (   1,    1) (   1,    0) (   1,    0) (   1,    0) (   1,    3) (   1,    1) (   1,    0)
          (   1,    0) (   1,    1) (   1,    1) (   1,    2) (   1,    0) (   1,    2) (   1,    0) (   1,    1) (   1,    0) (   1,    0)
          (   1,    2) (   1,    0) (   1,    1) (   1,    2) (   1,    0) (   1,    0) (   1,    1) (   1,    1) (   1,    0) (   1,    1)
          (   1,    1) (   1,    1) (   1,    1) (   1,    1) (   1,    2) (   1,    1) (   1,    1) (   1,    0) (   1,    0) (   1,    0)
          (   1,    1) (   1,    0) (   1,    2) (   1,    2) (   1,    1) (   1,    0) (   1,    1) (   1,    0) (   1,    1) (   1,    1)
          (   1,    1) (   1,    1) (   1,    0) (   1,    0) (   1,    1) (   1,    1) (   1,    0) (   1,    0) (   1,    0) (   1,    1)
          (   1,    1) (   1,    1) (   1,    3) (   1,    0) (   1,    0) (   1,    0) (   1,    0) (   1,    1) (   1,    1) (   1,    0)
          (   1,    0) (   1,    2) (   1,    0) (   1,    1) (   1,    2) (   1,    2) (   1,    3) (   1,    1) (   1,    0) (   1,    1)
          (   1,    1) (   1,    0) (   1,    3) (   1,    1) (   1,    2) (   1,    0) (   1,    1) (   1,    3) (   1,    2) (   1,    1)
          (   1,    0) (   1,    2) (   1,    2) (   1,    1) (   1,    0) (   1,    1) (   1,    0) (   1,    1) (   1,    0) (   1,    1)
          (   1,    1) (   1,    0) (   1,    2) (   1,    1) (   1,    0) (   1,    2) (   1,    1) (   1,    1) (   1,    2) (   1,    3)
          (   1,    4) (   1,    0) (   1,    1) (   1,    1) (   1,    0) (   1,    1) (   1,    0) (   1,    1) (   1,    1) (   1,    1)
          (   1,    2) (   1,    1) (   1,    1) (   1,    1) (   1,    0) (   1,    0) (   1,    2) (   1,    1) (   1,    3) (   1,    1)
          (   1,    0) (   1,    0) (   1,    1) (   1,    1) (   1,    1) (   1,    1) (   1,    4) (   1,    2) (   1,    2) (   1,    1)
          (   1,    2) (   1,    3) (   1,    1) (   1,    1) (   1,    0) (   1,    0) (   1,    0) (   1,    0) (   1,    3) (   1,    1)
          (   1,    1) (   1,    2) (   1,    2) (   1,    0) (   1,    3) (   1,    2) (   1,    0) (   1,    1) (   1,    0) (   1,    2)
          (   1,    2) (   1,    0) (   1,    0) (   1,    1) (   1,    1) (   1,    0) (   1,    0) (   1,    4) (   1,    0) (   1,    1)
         
node   5 sent_total    677  recv_total    667

node   6  (   0,    0) (   1,    0) (   0,    0) (   1,    2) (   1,    0) (   1,    0) (   1,    1) (   1,    2) (   1,    1) (   1,    0)
          (   1,    2) (   1,    0) (   1,    3) (   1,    1) (   1,    3) (   1,    0) (   1,    0) (   1,    3) (   1,    0) (   1,    0)
          (   1,    1) (   1,    1) (   1,    0) (   1,    1) (   1,    1) (   1,    0) (   1,    1) (   1,    1) (   1,    0) (   1,    1)
          (   1,    2) (   1,    0) (   1,    1) (   1,    0) (   1,    2) (   1,    1) (   1,    3) (   1,    2) (   1,    3) (   1,    1)
          (   1,    1) (   1,    1) (   1,    0) (   1,    1) (   1,    0) (   1,    1) (   1,    3) (   1,    0) (   1,    1) (   1,    0)
          (   1,    1) (   1,    3) (   1,    0) (   1,    3) (   0,    1) (   1,    0) (   1,    1) (   1,    1) (   0,    0) (   1,    0)
          (   1,    2) (   1,    0) (   0,    1) (   0,    2) (   1,    1) (   1,    2) (   0,    2) (   0,    2) (   1,    0) (   1,    1)
          (   1,    1) (   1,    1) (   1,    0) (   1,    3) (   1,    0) (   0,    1) (   1,    1) (   1,    2) (   1,    0) (   1,    0)
          (   1,    1) (   1,    0) (   1,    2) (   1,    2) (   1,    2) (   1,    1) (   1,    3) (   1,    1) (   1,    1) (   1,    0)
          (   1,    0) (   1,    1) (   1,    1) (   1,    1) (   1,    0) (   1,    1) (   1,    2) (   1,    0) (   1,    0) (   1,    0)
          (   0,    2) (   1,    0) (   0,    1) (   1,    0) (   1,    2) (   1,    0) (   0,    0) (   1,    0) (   1,    0) (   1,    1)
          (   1,    1) (   0,    1) (   1,    0) (   1,    1) (   1,    0) (   1,    1) (   1,    1) (   1,    1) (   1,    0) (   1,    1)
          (   1,    1) (   1,    1) (   1,    2) (   1,    1) (   1,    2) (   1,    0) (   1,    0) (   1,    1) (   1,    1) (   1,    0)
          (   1,    0) (   1,    1) (   1,    1) (   1,    1) (   1,    3) (   0,    1) (   1,    0) (   1,    1) (   1,    2) (   1,    1)
          (   1,    2) (   1,    0) (   1,    1) (   1,    0) (   1,    1) (   1,    1) (   1,    0) (   0,    2) (   1,    2) (   0,    0)
          (   1,    0) (   1,    1) (   1,    1) (   1,    0) (   1,    0) (   1,    1) (   1,    0) (   1,    1) (   1,    2) (   1,    2)
          (   1,    1) (   1,    0) (   1,    1) (   1,    1) (   1,    3) (   1,    2) (   1,    0) (   1,    1) (   1,    0) (   1,    0)
          (   1,    1) (   1,    1) (   0,    0) (   1,    1) (   1,    1) (   1,    2) (   1,    2) (   1,    0) (   1,    1) (   1,    3)
          (   1,    3) (   1,    1) (   1,    0) (   1,    0) (   1,    0) (   1,    0) (   1,    1) (   1,    1) (   1,    0) (   1,    1)
          (   0,    0) (   1,    2) (   1,    2) (   0,    1) (   0,    0) (   0,    3) (   1,    1) (   0,    0) (   1,    2) (   1,    0)
          (   1,    1) (   1,    1) (   1,    1) (   1,    0) (   1,    2) (   1,    1) (   1,    0) (   1,    0) (   0,    0) (   1,    2)
          (   1,    1) (   1,    0) (   0,    2) (   1,    2) (   1,    0) (   1,    0) (   1,    1) (   1,    2) (   1,    0) (   1,    1)
          (   1,    1) (   1,    2) (   1,    0) (   1,    1) (   1,    0) (   1,    0) (   1,    1) (   1,    0) (   1,    1) (   0,    1)
          (   1,    0) (   1,    2) (   1,    2) (   1,    0) (   1,    1) (   1,    0) (   1,    2) (   1,    2) (   1,    1) (   1,    2)
          (   0,    3) (   1,    1) (   1,    0) (   1,    1) (   1,    0) (   1,    1) (   0,    0) (   1,    0) (   1,    0) (   1,    0)
          (   1,    0) (   1,    2) (   0,    0) (   1,    0) (   1,    2) (   1,    1) (   0,    1) (   0,    0) (   1,    1) (   1,    2)
          (   1,    2) (   1,    1) (   1,    1) (   1,    0) (   1,    1) (   1,    1) (   1,    0) (   1,    0) (   1,    1) (   0,    1)
          (   1,    0) (   1,    1) (   1,    1) (   1,    1) (   1,    1) (   1,    1) (   1,    2) (   0,    2) (   1,    1) (   1,    2)
          (   1,    1) (   1,    2) (   1,    0) (   1,    1) (   1,    1) (   1,    0) (   1,    0) (   1,    2) (   0,    0) (   1,    0)
          (   1,    1) (   1,    0) (   1,    0) (   1,    1) (   0,    0) (   1,    0) (   1,    0) (   1,    1) (   1,    3) (   1,    0)
          (   1,    1) (   1,    0) (   1,    1) (   1,    1) (   1,    1) (   1,    1) (   1,    1) (   1,    0) (   1,    0) (   1,    0)
          (   1,    1) (   1,    1) (   1,    3) (   1,    0) (   1,    2) (   1,    1) (   1,    1) (   1,    1) (   1,    1) (   1,    2)
          (   1,    0) (   1,    1) (   1,    1) (   1,    0) (   1,    1) (   1,    1) (   1,    2) (   1,    0) (   1,    0) (   1,    2)
          (   1,    1) (   1,    1) (   1,    2) (   1,    1) (   1,    0) (   1,    0) (   1,    1) (   1,    0) (   1,    0) (   1,    2)
          (   1,    2) (   1,    1) (   1,    1) (   1,    1) (   1,    1) (   1,    1) (   1,    2) (   1,    0) (   1,    2) (   1,    2)
          (   1,    1) (   1,    2) (   1,    0) (   1,    3) (   1,    1) (   1,    0) (   1,    1) (   1,    1) (   1,    1) (   1,    1)
          (   1,    2) (   1,    0) (   1,    3) (   1,    0) (   1,    0) (   1,    1) (   1,    0) (   1,    2) (   1,    1) (   1,    1)
          (   1,    1) (   1,    0) (   1,    0) (   1,    1) (   1,    1) (   1,    0) (   1,    2) (   1,    1) (   1,    1) (   1,    1)
          (   1,    2) (   1,    0) (   1,    0) (   1,    2) (   1,    3) (   1,    1) (   1,    0) (   1,    2) (   1,    0) (   1,    1)
          (   1,    0) (   1,    1) (   1,    0) (   1,    1) (   1,    3) (   1,    1) (   1,    1) (   1,    1) (   1,    0) (   1,    1)
          (   1,    0) (   1,    0) (   1,    0) (   1,    0) (   1,    1) (   1,    2) (   1,    2) (   1,    4) (   1,    2) (   1,    1)
          (   1,    1) (   1,    3) (   1,    3) (   1,    0) (   1,    1) (   1,    1) (   1,    3) (   1,    2) (   1,    0) (   1,    1)
          (   1,    1) (   1,    1) (   1,    2) (   1,    1) (   1,    2) (   1,    1) (   1,    0) (   1,    2) (   1,    1) (   1,    2)
          (   1,    1) (   1,    2) (   1,    0) (   1,    3) (   1,    0) (   1,    0) (   1,    0) (   1,    0) (   1,    0) (   1,    3)
          (   1,    1) (   1,    0) (   1,    1) (   1,    0) (   1,    1) (   1,    0) (   1,    2) (   1,    1) (   1,    1) (   1,    2)
          (   1,    2) (   1,    0) (   1,    0) (   1,    2) (   1,    0) (   1,    0) (   1,    0) (   1,    3) (   1,    2) (   1,    1)
          (   1,    1) (   1,    1) (   1,    1) (   1,    1) (   1,    0) (   1,    0) (   1,    2) (   1,    1) (   1,    1) (   1,    1)
          (   1,    1) (   1,    2) (   1,    2) (   1,    2) (   1,    0) (   1,    1) (   1,    1) (   1,    0) (   1,    4) (   1,    0)
          (   1,    2) (   1,    1) (   1,    0) (   1,    2) (   1,    0) (   1,    1) (   1,    0) (   1,    0) (   1,    3) (   1,    1)
          (   1,    0) (   1,    2) (   1,    0) (   1,    1) (   1,    2) (   1,    0) (   1,    0) (   1,    3) (   1,    3) (   1,    1)
          (   1,    3) (   1,    0) (   1,    1) (   1,    2) (   1,    0) (   1,    1) (   1,    0) (   1,    0) (   1,    0) (   1,    1)
          (   1,    0) (   1,    1) (   1,    0) (   1,    1) (   1,    2) (   1,    0) (   1,    1) (   1,    2) (   1,    1) (   1,    1)
          (   1,    2) (   1,    3) (   1,    1) (   1,    0) (   1,    3) (   1,    1) (   1,    1) (   1,    0) (   1,    0) (   1,    1)
          (   1,    3) (   1,    1) (   1,    1) (   1,    2) (   1,    1) (   1,    0) (   1,    0) (   1,    1) (   1,    1) (   1,    1)
          (   1,    0) (   1,    3) (   1,    1) (   1,    2) (   1,    1) (   1,    0) (   1,    0) (   1,    0) (   1,    1) (   1,    2)
          (   1,    3) (   1,    1) (   1,    1) (   1,    0) (   1,    2) (   1,    1) (   1,    1) (   1,    0) (   1,    2) (   1,    2)
          (   1,    3) (   1,    2) (   1,    0) (   1,    2) (   1,    2) (   1,    1) (   1,    1) (   1,    2) (   1,    2) (   1,    0)
          (   1,    2) (   1,    0) (   1,    1) (   1,    1) (   1,    1) (   1,    3) (   1,    1) (   1,    0) (   1,    1) (   1,    0)
          (   1,    0) (   1,    2) (   1,    0) (   1,    0) (   1,    0) (   1,    2) (   1,    0) (   1,    0) (   1,    0) (   1,    4)
          (   1,    3) (   1,    1) (   1,    0) (   1,    0) (   1,    2) (   1,    0) (   1,    2) (   1,    1) (   1,    1) (   1,    0)
          (   1,    3) (   1,    1) (   1,    0) (   1,    1) (   1,    0) (   1,    2) (   1,    1) (   1,    1) (   1,    3) (   1,    0)
          (   1,    3) (   1,    1) (   1,    0) (   1,    2) (   1,    1) (   1,    0) (   1,    1) (   1,    2) (   1,    1) (   1,    2)
          (   1,    1) (   1,    0) (   1,    1) (   1,    2) (   1,    3) (   1,    0) (   1,    1) (   1,    2) (   1,    2) (   1,    1)
          (   1,    1) (   1,    2) (   1,    0) (   1,    1) (   1,    1) (   1,    1) (   1,    0) (   1,    0) (   1,    1) (   1,    0)
          (   1,    2) (   1,    1) (   1,    2) (   1,    1) (   1,    0) (   1,    1) (   1,    2) (   1,    0) (   1,    2) (   1,    1)
          (   1,    0) (   1,    0) (   1,    0) (   1,    2) (   1,    4) (   1,    3) (   1,    0) (   1,    1) (   1,    1) (   1,    0)
          (   1,    2) (   1,    0) (   1,    0) (   1,    2) (   1,    2) (   1,    2) (   1,    0) (   1,    1) (   1,    1) (   1,    3)
          (   1,    2) (   1,    1) (   1,    2) (   1,    1) (   1,    1) (   1,    1) (   1,    1) (   1,    2) (   1,    4) (   1,    1)
          (   1,    1) (   1,    0) (   1,    0) (   1,    2) (   1,    1) (   1,    1) (   1,    1) (   1,    1) (   1,    1) (   1,    3)
          (   1,    1) (   1,    3) (   1,    1) (   1,    2) (   1,    1) (   1,    3) (   1,    0) (   1,    0) (   1,    1) (   1,    1)
         
node   6 sent_total    666  recv_total    708

node   7  (   0,    0) (   1,    0) (   0,    0) (   1,    1) (   1,    1) (   1,    2) (   1,    0) (   1,    1) (   1,    0) (   1,    2)
          (   1,    1) (   1,    2) (   1,    0) (   1,    0) (   1,    0) (   1,    1) (   1,    1) (   1,    1) (   1,    2) (   1,    1)
          (   1,    1) (   1,    1) (   1,    4) (   1,    1) (   1,    1) (   1,    3) (   1,    1) (   1,    1) (   1,    3) (   1,    0)
          (   1,    1) (   1,    1) (   1,    0) (   1,    2) (   1,    3) (   1,    2) (   1,    0) (   1,    1) (   1,    0) (   1,    1)
          (   1,    0) (   1,    0) (   1,    2) (   1,    1) (   1,    0) (   1,    0) (   1,    0) (   1,    2) (   1,    2) (   1,    2)
          (   1,    2) (   1,    1) (   1,    0) (   1,    0) (   1,    2) (   1,    0) (   1,    2) (   1,    1) (   1,    1) (   1,    2)
          (   1,    0) (   1,    2) (   1,    0) (   1,    0) (   1,    0) (   1,    1) (   1,    0) (   1,    0) (   1,    1) (   1,    0)
          (   1,    3) (   1,    0) (   1,    2) (   1,    1) (   0,    0) (   1,    1) (   1,    1) (   1,    0) (   1,    1) (   1,    2)
          (   1,    1) (   1,    1) (   1,    1) (   1,    0) (   1,    0) (   1,    1) (   1,    0) (   1,    0) (   1,    1) (   1,    0)
          (   1,    0) (   1,    1) (   0,    0) (   1,    2) (   1,    2) (   1,    0) (   0,    2) (   1,    0) (   1,    1) (   1,    0)
          (   1,    0) (   0,    0) (   0,    0) (   0,    0) (   0,    0) (   0,    0) (   0,    0) (   0,    0) (   0,    0) (   0,    0)
          (   0,    0) (   0,    0) (   0,    0) (   0,    0) (   0,    0) (   0,    0) (   0,    0) (   0,    0) (   0,    0) (   0,    0)
          (   0,    0) (   0,    0) (   0,    0) (   0,    0) (   0,    0) (   0,    0) (   0,    0) (   0,    0) (   0,    0) (   0,    0)
          (   0,    0) (   0,    0) (   0,    0) (   0,    0) (   0,    0) (   0,    0) (   0,    0) (   0,    0) (   0,    0) (   0,    0)
          (   0,    0) (   0,    0) (   0,    0) (   0,    0) (   0,    0) (   0,    0) (   0,    0) (   0,    0) (   0,    0) (   0,    0)
          (   0,    0) (   0,    0) (   0,    0) (   0,    0) (   0,    0) (   0,    0) (   0,    0) (   0,    0) (   0,    0) (   0,    0)
          (   0,    0) (   0,    0) (   0,    0) (   0,    0) (   0,    0) (   0,    0) (   0,    0) (   0,    0) (   0,    0) (   0,    0)
          (   0,    0) (   0,    0) (   0,    0) (   0,    0) (   0,    0) (   0,    0) (   0,    0) (   0,    0) (   0,    0) (   0,    0)
          (   0,    0) (   0,    0) (   0,    0) (   0,    0) (   0,    0) (   0,    0) (   0,    0) (   0,    0) (   0,    0) (   0,    0)
          (   0,    0) (   0,    0) (   0,    0) (   0,    0) (   0,    0) (   0,    0) (   0,    0) (   0,    0) (   0,    0) (   0,    0)
          (   0,    0) (   0,    0) (   0,    0) (   0,    0) (   0,    0) (   0,    0) (   0,    0) (   0,    0) (   0,    0) (   0,    0)
          (   0,    0) (   0,    0) (   0,    0) (   0,    0) (   0,    0) (   0,    0) (   0,    0) (   0,    0) (   0,    0) (   0,    0)
          (   0,    0) (   0,    0) (   0,    0) (   0,    0) (   0,    0) (   0,    0) (   0,    0) (   0,    0) (   0,    0) (   0,    0)
          (   0,    0) (   0,    0) (   0,    0) (   0,    0) (   0,    0) (   0,    0) (   0,    0) (   0,    0) (   0,    0) (   0,    0)
          (   0,    0) (   0,    0) (   0,    0) (   0,    0) (   0,    0) (   0,    0) (   0,    0) (   0,    0) (   0,    0) (   0,    0)
          (   0,    0) (   0,    0) (   0,    0) (   0,    0) (   0,    0) (   0,    0) (   0,    0) (   0,    0) (   0,    0) (   0,    0)
          (   0,    0) (   0,    0) (   0,    0) (   0,    0) (   0,    0) (   0,    0) (   0,    0) (   0,    0) (   0,    0) (   0,    0)
          (   0,    0) (   0,    0) (   0,    0) (   0,    0) (   0,    0) (   0,    0) (   0,    0) (   0,    0) (   0,    0) (   0,    0)
          (   0,    0) (   0,    0) (   0,    0) (   0,    0) (   0,    0) (   0,    0) (   0,    0) (   0,    0) (   0,    0) (   0,    0)
          (   0,    0) (   0,    0) (   0,    0) (   0,    0) (   0,    0) (   0,    0) (   0,    0) (   0,    0) (   0,    0) (   0,    0)
          (   0,    0) (   0,    0) (   0,    0) (   0,    0) (   0,    0) (   0,    0) (   0,    0) (   0,    0) (   0,    0) (   0,    0)
          (   0,    0) (   0,    0) (   0,    0) (   0,    0) (   0,    0) (   0,    0) (   0,    0) (   0,    0) (   0,    0) (   0,    0)
          (   0,    0) (   0,    0) (   0,    0) (   0,    0) (   0,    0) (   0,    0) (   0,    0) (   0,    0) (   0,    0) (   0,    0)
          (   0,    0) (   0,    0) (   0,    0) (   0,    0) (   0,    0) (   0,    0) (   0,    0) (   0,    0) (   0,    0) (   0,    0)
          (   0,    0) (   0,    0) (   0,    0) (   0,    0) (   0,    0) (   0,    0) (   0,    0) (   0,    0) (   0,    0) (   0,    0)
          (   0,    0) (   0,    0) (   0,    0) (   0,    0) (   0,    0) (   0,    0) (   0,    0) (   0,    0) (   0,    0) (   0,    0)
          (   0,    0) (   0,    0) (   0,    0) (   0,    0) (   0,    0) (   0,    0) (   0,    0) (   0,    0) (   0,    0) (   0,    0)
          (   0,    0) (   0,    0) (   0,    0) (   0,    0) (   0,    0) (   0,    0) (   0,    0) (   0,    0) (   0,    0) (   0,    0)
          (   0,    0) (   0,    0) (   0,    0) (   0,    0) (   0,    0) (   0,    0) (   0,    0) (   0,    0) (   0,    0) (   0,    0)
          (   0,    0) (   0,    0) (   0,    0) (   0,    0) (   0,    0) (   0,    0) (   0,    0) (   0,    0) (   0,    0) (   0,    0)
          (   0,    0) (   0,    0) (   0,    0) (   0,    0) (   0,    0) (   0,    0) (   0,    0) (   0,    0) (   0,    0) (   0,    0)
          (   0,    0) (   0,    0) (   0,    0) (   0,    0) (   0,    0) (   0,    0) (   0,    0) (   0,    0) (   0,    0) (   0,    0)
          (   0,    0) (   0,    0) (   0,    0) (   0,    0) (   0,    0) (   0,    0) (   0,    0) (   0,    0) (   0,    0) (   0,    0)
          (   0,    0) (   0,    0) (   0,    0) (   0,    0) (   0,    0) (   0,    0) (   0,    0) (   0,    0) (   0,    0) (   0,    0)
          (   0,    0) (   0,    0) (   0,    0) (   0,    0) (   0,    0) (   0,    0) (   0,    0) (   0,    0) (   0,    0) (   0,    0)
          (   0,    0) (   0,    0) (   0,    0) (   0,    0) (   0,    0) (   0,    0) (   0,    0) (   0,    0) (   0,    0) (   0,    0)
          (   0,    0) (   0,    0) (   0,    0) (   0,    0) (   0,    0) (   0,    0) (   0,    0) (   0,    0) (   0,    0) (   0,    0)
          (   0,    0) (   0,    0) (   0,    0) (   0,    0) (   0,    0) (   0,    0) (   0,    0) (   0,    0) (   0,    0) (   0,    0)
          (   0,    0) (   0,    0) (   0,    0) (   0,    0) (   0,    0) (   0,    0) (   0,    0) (   0,    0) (   0,    0) (   0,    0)
          (   0,    0) (   0,    0) (   0,    0) (   0,    0) (   0,    0) (   0,    0) (   0,    0) (   0,    0) (   0,    0) (   0,    0)
          (   0,    0) (   0,    0) (   0,    0) (   0,    0) (   0,    0) (   0,    0) (   0,    0) (   0,    0) (   0,    0) (   0,    0)
          (   0,    0) (   0,    0) (   0,    0) (   0,    0) (   0,    0) (   0,    0) (   0,    0) (   0,    0) (   0,    0) (   0,    0)
          (   0,    0) (   0,    0) (   0,    0) (   0,    0) (   0,    0) (   0,    0) (   0,    0) (   0,    0) (   0,    0) (   0,    0)
          (   0,    0) (   0,    0) (   0,    0) (   0,    0) (   0,    0) (   0,    0) (   0,    0) (   0,    0) (   0,    0) (   0,    0)
          (   0,    0) (   0,    0) (   0,    0) (   0,    0) (   0,    0) (   0,    0) (   0,    0) (   0,    0) (   0,    0) (   0,    0)
          (   0,    0) (   0,    0) (   0,    0) (   0,    0) (   0,    0) (   0,    0) (   0,    0) (   0,    0) (   0,    0) (   0,    0)
          (   0,    0) (   0,    0) (   0,    0) (   0,    0) (   0,    0) (   0,    0) (   0,    0) (   0,    0) (   0,    0) (   0,    0)
          (   0,    0) (   0,    0) (   0,    0) (   0,    0) (   0,    0) (   0,    0) (   0,    0) (   0,    0) (   0,    0) (   0,    0)
          (   0,    0) (   0,    0) (   0,    0) (   0,    0) (   0,    0) (   0,    0) (   0,    0) (   0,    0) (   0,    0) (   0,    0)
          (   0,    0) (   0,    0) (   0,    0) (   0,    0) (   0,    0) (   0,    0) (   0,    0) (   0,    0) (   0,    0) (   0,    0)
          (   0,    0) (   0,    0) (   0,    0) (   0,    0) (   0,    0) (   0,    0) (   0,    0) (   0,    0) (   0,    0) (   0,    0)
          (   0,    0) (   0,    0) (   0,    0) (   0,    0) (   0,    0) (   0,    0) (   0,    0) (   0,    0) (   0,    0) (   0,    0)
          (   0,    0) (   0,    0) (   0,    0) (   0,    0) (   0,    0) (   0,    0) (   0,    0) (   0,    0) (   0,    0) (   0,    0)
          (   0,    0) (   0,    0) (   0,    0) (   0,    0) (   0,    0) (   0,    0) (   0,    0) (   0,    0) (   0,    0) (   0,    0)
          (   0,    0) (   0,    0) (   0,    0) (   0,    0) (   0,    0) (   0,    0) (   0,    0) (   0,    0) (   0,    0) (   0,    0)
          (   0,    0) (   0,    0) (   0,    0) (   0,    0) (   0,    0) (   0,    0) (   0,    0) (   0,    0) (   0,    0) (   0,    0)
          (   0,    0) (   0,    0) (   0,    0) (   0,    0) (   0,    0) (   0,    0) (   0,    0) (   0,    0) (   0,    0) (   0,    0)
          (   0,    0) (   0,    0) (   0,    0) (   0,    0) (   0,    0) (   0,    0) (   0,    0) (   0,    0) (   0,    0) (   0,    0)
          (   0,    0) (   0,    0) (   0,    0) (   0,    0) (   0,    0) (   0,    0) (   0,    0) (   0,    0) (   0,    0) (   0,    0)
          (   0,    0) (   0,    0) (   0,    0) (   0,    0) (   0,    0) (   0,    0) (   0,    0) (   0,    0) (   0,    0) (   0,    0)
         
node   7 sent_total     96  recv_total     91

node   8  (   0,    0) (   1,    0) (   0,    0) (   1,    1) (   1,    0) (   1,    2) (   1,    1) (   1,    1) (   1,    0) (   1,    1)
          (   1,    1) (   1,    2) (   1,    0) (   1,    1) (   1,    1) (   1,    0) (   1,    0) (   1,    0) (   1,    0) (   1,    0)
          (   1,    1) (   1,    2) (   1,    0) (   1,    1) (   1,    1) (   1,    0) (   1,    1) (   1,    2) (   1,    2) (   1,    0)
          (   1,    0) (   1,    0) (   1,    0) (   1,    1) (   1,    0) (   1,    0) (   1,    0) (   1,    1) (   1,    0) (   1,    2)
          (   1,    3) (   1,    2) (   1,    1) (   1,    0) (   1,    2) (   1,    1) (   1,    2) (   1,    0) (   1,    0) (   1,    1)
          (   1,    1) (   1,    2) (   0,    1) (   1,    1) (   1,    0) (   1,    1) (   1,    1) (   1,    0) (   1,    1) (   1,    0)
          (   1,    0) (   1,    1) (   1,    2) (   1,    3) (   1,    0) (   1,    1) (   0,    0) (   1,    0) (   1,    1) (   1,    2)
          (   1,    0) (   1,    1) (   1,    1) (   0,    0) (   1,    0) (   1,    1) (   1,    0) (   1,    0) (   1,    1) (   1,    0)
          (   1,    0) (   0,    0) (   1,    1) (   1,    2) (   1,    1) (   1,    1) (   1,    1) (   1,    0) (   1,    1) (   1,    2)
          (   1,    1) (   1,    2) (   1,    1) (   1,    1) (   1,    1) (   1,    3) (   0,    1) (   0,    0) (   1,    2) (   1,    1)
          (   1,    0) (   1,    0) (   1,    2) (   1,    1) (   1,    1) (   1,    2) (   1,    0) (   1,    0) (   1,    0) (   1,    0)
          (   1,    1) (   1,    0) (   1,    1) (   1,    0) (   1,    2) (   1,    0) (   1,    1) (   0,    0) (   1,    1) (   1,    1)
          (   1,    0) (   1,    2) (   1,    1) (   1,    0) (   1,    2) (   1,    1) (   1,    3) (   0,    0) (   1,    1) (   1,    0)
          (   1,    0) (   1,    2) (   1,    0) (   1,    1) (   1,    0) (   1,    1) (   0,    1) (   0,    0) (   1,    1) (   1,    1)
          (   1,    0) (   1,    0) (   1,    2) (   1,    2) (   1,    1) (   1,    1) (   1,    2) (   1,    0) (   1,    0) (   1,    0)
          (   1,    3) (   0,    1) (   1,    0) (   1,    0) (   1,    1) (   1,    0) (   1,    0) (   1,    1) (   1,    2) (   1,    0)
          (   1,    0) (   1,    2) (   1,    0) (   1,    0) (   1,    1) (   0,    0) (   1,    1) (   1,    0) (   1,    3) (   1,    1)
          (   1,    1) (   1,    0) (   0,    2) (   1,    0) (   1,    0) (   1,    1) (   1,    1) (   1,    2) (   1,    0) (   1,    1)
          (   1,    1) (   1,    2) (   1,    0) (   1,    2) (   1,    0) (   1,    1) (   0,    2) (   1,    0) (   1,    2) (   1,    0)
          (   0,    0) (   1,    0) (   0,    2) (   1,    0) (   1,    2) (   1,    0) (   1,    1) (   1,    1) (   1,    2) (   0,    0)
          (   1,    3) (   1,    2) (   1,    0) (   1,    1) (   1,    1) (   1,    1) (   1,    2) (   1,    3) (   1,    1) (   1,    1)
          (   1,    1) (   1,    0) (   1,    2) (   1,    1) (   1,    2) (   1,    0) (   1,    2) (   1,    2) (   1,    1) (   1,    0)
          (   1,    0) (   1,    1) (   0,    2) (   1,    1) (   1,    1) (   1,    1) (   1,    1) (   1,    0) (   0,    1) (   1,    1)
          (   1,    0) (   1,    2) (   1,    1) (   1,    2) (   0,    0) (   1,    1) (   1,    0) (   0,    0) (   1,    0) (   1,    0)
          (   1,    1) (   1,    3) (   1,    1) (   1,    0) (   1,    0) (   1,    0) (   1,    0) (   1,    1) (   1,    1) (   1,    1)
          (   1,    2) (   1,    0) (   1,    0) (   1,    0) (   1,    2) (   1,    0) (   1,    0) (   1,    0) (   1,    0) (   1,    0)
          (   1,    3) (   1,    0) (   1,    0) (   1,    2) (   1,    0) (   1,    1) (   1,    2) (   1,    1) (   1,    2) (   1,    1)
          (   1,    1) (   0,    1) (   0,    2) (   1,    1) (   1,    0) (   1,    2) (   1,    1) (   1,    1) (   0,    0) (   1,    0)
          (   1,    0) (   1,    0) (   1,    1) (   1,    0) (   1,    0) (   1,    0) (   1,    0) (   1,    0) (   1,    1) (   1,    2)
          (   1,    1) (   1,    1) (   1,    0) (   1,    1) (   1,    1) (   1,    0) (   0,    0) (   1,    0) (   0,    1) (   1,    1)
          (   1,    0) (   1,    1) (   1,    1) (   1,    0) (   1,    0) (   1,    0) (   1,    1) (   1,    1) (   1,    2) (   1,    1)
          (   1,    1) (   1,    2) (   1,    1) (   1,    2) (   1,    1) (   1,    3) (   1,    1) (   1,    1) (   1,    1) (   1,    0)
          (   1,    5) (   1,    0) (   1,    0) (   1,    1) (   1,    1) (   1,    1) (   1,    0) (   1,    2) (   1,    2) (   1,    1)
          (   1,    1) (   1,    0) (   1,    2) (   1,    1) (   1,    2) (   1,    1) (   1,    1) (   1,    1) (   1,    1) (   1,    1)
          (   1,    0) (   1,    0) (   1,    0) (   1,    0) (   1,    0) (   1,    2) (   1,    1) (   1,    1) (   1,    1) (   1,    0)
          (   1,    3) (   1,    3) (   1,    1) (   1,    1) (   1,    0) (   1,    1) (   1,    0) (   1,    1) (   1,    0) (   1,    1)
          (   1,    1) (   1,    0) (   1,    1) (   1,    0) (   1,    0) (   1,    1) (   1,    0) (   1,    1) (   1,    1) (   1,    1)
          (   1,    1) (   1,    1) (   1,    2) (   1,    0) (   1,    0) (   1,    0) (   1,    1) (   1,    1) (   1,    2) (   1,    0)
          (   1,    3) (   1,    0) (   1,    0) (   1,    0) (   1,    1) (   1,    1) (   1,    0) (   1,    1) (   1,    2) (   1,    0)
          (   1,    0) (   1,    0) (   1,    1) (   1,    0) (   1,    0) (   1,    0) (   1,    0) (   1,    0) (   1,    2) (   1,    0)
          (   1,    0) (   1,    2) (   1,    0) (   1,    1) (   1,    0) (   1,    0) (   1,    2) (   1,    0) (   1,    2) (   1,    0)
          (   1,    1) (   1,    1) (   1,    2) (   1,    2) (   1,    0) (   1,    0) (   1,    3) (   1,    1) (   1,    0) (   1,    1)
          (   1,    1) (   1,    0) (   1,    2) (   1,    2) (   1,    0) (   1,    1) (   1,    1) (   1,    0) (   1,    0) (   1,    1)
          (   1,    0) (   1,    0) (   1,    1) (   1,    1) (   1,    1) (   1,    1) (   1,    1) (   1,    0) (   1,    0) (   1,    2)
          (   1,    2) (   1,    1) (   1,    0) (   1,    1) (   1,    2) (   1,    2) (   1,    2) (   1,    1) (   1,    1) (   1,    3)
          (   1,    1) (   1,    2) (   1,    2) (   1,    1) (   1,    1) (   1,    0) (   1,    0) (   1,    2) (   1,    2) (   1,    1)
          (   1,    0) (   1,    1) (   1,    0) (   1,    1) (   1,    3) (   1,    0) (   1,    0) (   1,    2) (   1,    2) (   1,    1)
          (   1,    2) (   1,    2) (   1,    2) (   1,    2) (   1,    1) (   1,    1) (   1,    1) (   1,    1) (   1,    2) (   1,    2)
          (   1,    1) (   1,    1) (   1,    1) (   1,    0) (   1,    2) (   1,    0) (   1,    1) (   1,    2) (   1,    0) (   1,    1)
          (   1,    0) (   1,    0) (   1,    3) (   1,    0) (   1,    1) (   1,    1) (   1,    2) (   1,    1) (   1,    0) (   1,    0)
          (   1,    1) (   1,    1) (   1,    1) (   1,    0) (   1,    2) (   1,    2) (   1,    1) (   1,    1) (   1,    1) (   1,    1)
          (   1,    3) (   1,    0) (   1,    1) (   1,    2) (   1,    0) (   1,    1) (   1,    1) (   1,    0) (   1,    0) (   1,    1)
          (   1,    0) (   1,    1) (   1,    2) (   1,    0) (   1,    0) (   1,    1) (   1,    2) (   1,    1) (   1,    0) (   1,    0)
          (   1,    0) (   1,    1) (   1,    1) (   1,    1) (   1,    2) (   1,    0) (   1,    1) (   1,    0) (   1,    2) (   1,    1)
          (   1,    0) (   1,    1) (   1,    0) (   1,    1) (   1,    0) (   1,    2) (   1,    2) (   1,    0) (   1,    1) (   1,    0)
          (   1,    1) (   1,    1) (   1,    1) (   1,    0) (   1,    2) (   1,    2) (   1,    0) (   1,    2) (   1,    0) (   1,    1)
          (   1,    0) (   1,    1) (   1,    2) (   1,    2) (   1,    2) (   1,    1) (   1,    2) (   1,    2) (   1,    1) (   1,    1)
          (   1,    1) (   1,    2) (   1,    2) (   1,    0) (   1,    0) (   1,    2) (   1,    2) (   1,    3) (   1,    1) (   1,    2)
          (   1,    0) (   1,    2) (   1,    1) (   1,    1) (   1,    1) (   1,    1) (   1,    0) (   1,    2) (   1,    0) (   1,    0)
          (   1,    0) (   1,    0) (   1,    3) (   1,    1) (   1,    0) (   1,    3) (   1,    1) (   1,    0) (   1,    0) (   1,    2)
          (   1,    0) (   1,    1) (   1,    2) (   1,    1) (   1,    0) (   1,    0) (   1,    0) (   1,    2) (   1,    1) (   1,    1)
          (   1,    0) (   1,    1) (   1,    0) (   1,    0) (   1,    0) (   1,    2) (   1,    1) (   1,    1) (   1,    3) (   1,    0)
          (   1,    1) (   1,    0) (   1,    2) (   1,    1) (   1,    0) (   1,    0) (   1,    1) (   1,    1) (   1,    2) (   1,    0)
          (   1,    0) (   1,    1) (   1,    0) (   1,    2) (   1,    1) (   1,    0) (   1,    1) (   1,    1) (   1,    2) (   1,    0)
          (   1,    0) (   1,    0) (   1,    0) (   1,    2) (   1,    2) (   1,    2) (   1,    0) (   1,    1) (   1,    0) (   1,    0)
          (   1,    0) (   1,    1) (   1,    0) (   1,    0) (   1,    1) (   1,    1) (   1,    0) (   1,    0) (   1,    2) (   1,    1)
          (   1,    1) (   1,    2) (   1,    2) (   1,    0) (   1,    1) (   1,    0) (   1,    0) (   1,    2) (   1,    1) (   1,    0)
          (   1,    0) (   1,    0) (   1,    2) (   1,    1) (   1,    2) (   1,    0) (   1,    0) (   1,    1) (   1,    1) (   1,    0)
          (   1,    1) (   1,    1) (   1,    1) (   1,    0) (   1,    0) (   1,    0) (   1,    2) (   1,    2) (   1,    0) (   1,    1)
          (   1,    0) (   1,    0) (   1,    2) (   1,    0) (   1,    1) (   1,    1) (   1,    2) (   1,    2) (   1,    1) (   1,    1)
         
node   8 sent_total    672  recv_total    612

node   9  (   0,    0) (   0,    0) (   1,    0) (   0,    0) (   1,    1) (   1,    0) (   1,    0) (   1,    1) (   1,    1) (   1,    2)
          (   1,    1) (   1,    0) (   1,    0) (   1,    0) (   1,    0) (   1,    3) (   1,    0) (   1,    1) (   1,    0) (   1,    0)
          (   1,    1) (   1,    0) (   1,    0) (   1,    0) (   1,    1) (   1,    0) (   1,    0) (   1,    2) (   1,    1) (   1,    0)
          (   1,    2) (   1,    4) (   1,    3) (   1,    2) (   1,    1) (   1,    0) (   1,    1) (   1,    3) (   1,    3) (   1,    0)
          (   1,    1) (   1,    2) (   1,    2) (   1,    1) (   1,    0) (   1,    1) (   1,    0) (   1,    1) (   1,    1) (   1,    1)
          (   1,    2) (   1,    2) (   1,    2) (   1,    2) (   1,    1) (   1,    0) (   1,    1) (   1,    1) (   1,    2) (   1,    0)
          (   1,    1) (   1,    1) (   1,    0) (   1,    0) (   1,    1) (   1,    0) (   0,    1) (   1,    0) (   1,    3) (   1,    2)
          (   1,    1) (   1,    2) (   1,    3) (   1,    1) (   1,    1) (   1,    0) (   1,    1) (   1,    2) (   1,    0) (   1,    0)
          (   1,    2) (   1,    1) (   1,    0) (   1,    1) (   1,    3) (   1,    2) (   1,    0) (   1,    0) (   0,    1) (   1,    0)
          (   1,    4) (   0,    2) (   1,    1) (   1,    2) (   1,    0) (   1,    0) (   1,    0) (   1,    0) (   0,    2) (   1,    1)
          (   1,    1) (   1,    0) (   1,    0) (   1,    0) (   1,    1) (   1,    1) (   1,    0) (   1,    1) (   1,    3) (   0,    1)
          (   1,    2) (   1,    0) (   1,    0) (   1,    1) (   1,    2) (   1,    1) (   1,    0) (   1,    3) (   1,    1) (   1,    2)
          (   1,    1) (   1,    1) (   0,    0) (   1,    0) (   1,    1) (   1,    1) (   1,    2) (   1,    1) (   1,    0) (   1,    1)
          (   1,    1) (   1,    1) (   0,    2) (   1,    1) (   1,    0) (   1,    1) (   1,    1) (   1,    3) (   1,    1) (   1,    1)
          (   1,    0) (   1,    2) (   1,    0) (   1,    2) (   1,    1) (   1,    1) (   1,    1) (   1,    0) (   1,    2) (   1,    0)
          (   1,    0) (   1,    0) (   1,    3) (   1,    0) (   1,    2) (   1,    2) (   1,    1) (   0,    0) (   1,    0) (   1,    2)
          (   1,    0) (   1,    1) (   1,    0) (   1,    0) (   1,    0) (   1,    1) (   1,    1) (   1,    2) (   1,    0) (   1,    2)
          (   1,    0) (   1,    0) (   0,    1) (   1,    1) (   0,    0) (   1,    0) (   1,    0) (   1,    1) (   1,    2) (   1,    0)
          (   1,    1) (   1,    1) (   1,    0) (   1,    2) (   1,    2) (   1,    1) (   1,    1) (   1,    1) (   1,    0) (   1,    1)
          (   1,    0) (   1,    1) (   1,    3) (   1,    0) (   1,    2) (   1,    0) (   1,    1) (   1,    1) (   1,    1) (   1,    0)
          (   1,    0) (   1,    1) (   1,    1) (   1,    2) (   1,    1) (   1,    0) (   1,    3) (   1,    1) (   1,    1) (   1,    0)
          (   1,    0) (   1,    2) (   1,    1) (   1,    0) (   1,    1) (   1,    2) (   1,    1) (   1,    2) (   1,    0) (   1,    1)
          (   1,    0) (   0,    1) (   1,    0) (   1,    0) (   1,    2) (   1,    0) (   1,    1) (   1,    0) (   1,    2) (   1,    0)
          (   1,    1) (   1,    0) (   1,    3) (   1,    2) (   1,    0) (   1,    1) (   1,    2) (   1,    2) (   1,    1) (   1,    4)
          (   0,    0) (   1,    0) (   1,    2) (   1,    0) (   1,    2) (   1,    0) (   1,    1) (   1,    2) (   1,    1) (   0,    2)
          (   1,    0) (   1,    1) (   0,    0) (   0,    1) (   1,    1) (   1,    2) (   1,    0) (   1,    0) (   1,    1) (   1,    3)
          (   0,    1) (   0,    1) (   1,    2) (   0,    1) (   1,    3) (   1,    1) (   0,    2) (   0,    2) (   1,    0) (   0,    0)
          (   1,    1) (   1,    0) (   1,    1) (   1,    2) (   1,    1) (   1,    1) (   1,    2) (   0,    1) (   1,    0) (   1,    0)
          (   1,    0) (   1,    0) (   1,    1) (   1,    0) (   1,    1) (   1,    0) (   1,    0) (   1,    2) (   1,    1) (   1,    0)
          (   1,    1) (   0,    0) (   1,    0) (   0,    0) (   1,    1) (   1,    0) (   0,    2) (   1,    2) (   1,    0) (   1,    1)
          (   1,    1) (   1,    1) (   1,    1) (   1,    0) (   1,    1) (   1,    1) (   1,    1) (   1,    4) (   1,    1) (   1,    0)
          (   1,    1) (   1,    3) (   1,    0) (   1,    0) (   1,    2) (   1,    0) (   1,    2) (   1,    2) (   1,    0) (   1,    2)
          (   1,    1) (   1,    1) (   1,    1) (   1,    0) (   1,    0) (   1,    3) (   1,    2) (   1,    2) (   1,    1) (   1,    1)
          (   1,    0) (   1,    2) (   1,    1) (   1,    1) (   1,    2) (   1,    2) (   1,    0) (   1,    0) (   1,    0) (   1,    1)
          (   1,    0) (   1,    0) (   1,    2) (   1,    1) (   1,    2) (   1,    2) (   1,    2) (   1,    1) (   1,    2) (   1,    0)
          (   1,    0) (   1,    1) (   1,    2) (   1,    0) (   1,    3) (   1,    2) (   1,    1) (   1,    1) (   1,    3) (   1,    2)
          (   1,    1) (   1,    1) (   1,    1) (   1,    1) (   1,    2) (   1,    1) (   1,    0) (   1,    2) (   1,    1) (   1,    0)
          (   1,    0) (   1,    0) (   1,    1) (   1,    2) (   1,    1) (   1,    2) (   1,    1) (   1,    2) (   1,    1) (   1,    1)
          (   1,    1) (   1,    2) (   1,    1) (   1,    2) (   1,    0) (   1,    0) (   1,    1) (   1,    0) (   1,    1) (   1,    2)
          (   1,    0) (   1,    0) (   1,    0) (   1,    0) (   1,    2) (   1,    0) (   1,    0) (   1,    0) (   1,    0) (   1,    0)
          (   1,    2) (   1,    1) (   1,    0) (   1,    1) (   1,    0) (   1,    1) (   1,    1) (   1,    0) (   1,    1) (   1,    1)
          (   1,    1) (   1,    0) (   1,    1) (   1,    0) (   1,    1) (   1,    1) (   1,    1) (   1,    4) (   1,    1) (   1,    0)
          (   1,    0) (   1,    3) (   1,    0) (   1,    0) (   1,    3) (   1,    1) (   1,    1) (   1,    0) (   1,    0) (   1,    1)
          (   1,    0) (   1,    0) (   1,    1) (   1,    2) (   1,    1) (   1,    0) (   1,    2) (   1,    3) (   1,    1) (   1,    0)
          (   1,    1) (   1,    2) (   1,    2) (   1,    0) (   1,    1) (   1,    0) (   1,    0) (   1,    1) (   1,    1) (   1,    0)
          (   1,    1) (   1,    2) (   1,    0) (   1,    0) (   1,    1) (   1,    0) (   1,    0) (   1,    0) (   1,    0) (   1,    1)
          (   1,    0) (   1,    1) (   1,    1) (   1,    0) (   1,    1) (   1,    0) (   1,    1) (   1,    3) (   1,    0) (   1,    0)
          (   1,    0) (   1,    1) (   1,    0) (   1,    0) (   1,    0) (   1,    0) (   1,    1) (   1,    2) (   1,    1) (   1,    0)
          (   1,    0) (   1,    2) (   1,    4) (   1,    2) (   1,    0) (   1,    0) (   1,    2) (   1,    0) (   1,    1) (   1,    0)
          (   1,    0) (   1,    0) (   1,    0) (   1,    1) (   1,    1) (   1,    2) (   1,    2) (   1,    0) (   1,    1) (   1,    2)
          (   1,    0) (   1,    5) (   1,    1) (   1,    0) (   1,    2) (   1,    0) (   1,    0) (   1,    2) (   1,    0) (   1,    0)
          (   1,    1) (   1,    3) (   1,    0) (   1,    2) (   1,    1) (   1,    1) (   1,    1) (   1,    1) (   1,    1) (   1,    0)
          (   1,    4) (   1,    0) (   1,    0) (   1,    3) (   1,    1) (   1,    0) (   1,    0) (   1,    1) (   1,    0) (   1,    1)
          (   1,    2) (   1,    1) (   1,    1) (   1,    0) (   1,    3) (   1,    1) (   1,    2) (   1,    1) (   1,    1) (   1,    2)
          (   1,    1) (   1,    0) (   1,    2) (   1,    1) (   1,    1) (   1,    0) (   1,    1) (   1,    2) (   1,    1) (   1,    1)
          (   1,    0) (   1,    0) (   1,    1) (   1,    1) (   1,    1) (   1,    0) (   1,    1) (   1,    4) (   1,    3) (   1,    1)
          (   1,    0) (   1,    1) (   1,    0) (   1,    0) (   1,    1) (   1,    0) (   1,    0) (   1,    1) (   1,    0) (   1,    0)
          (   1,    2) (   1,    0) (   1,    0) (   1,    2) (   1,    1) (   1,    0) (   1,    0) (   1,    0) (   1,    1) (   1,    2)
          (   1,    1) (   1,    2) (   1,    2) (   1,    2) (   1,    1) (   1,    1) (   1,    2) (   1,    0) (   1,    2) (   1,    2)
          (   1,    0) (   1,    3) (   1,    0) (   1,    1) (   1,    1) (   1,    1) (   1,    1) (   1,    2) (   1,    1) (   1,    0)
          (   1,    1) (   1,    1) (   1,    0) (   1,    0) (   1,    0) (   1,    3) (   1,    0) (   1,    1) (   1,    1) (   1,    0)
          (   1,    0) (   1,    2) (   1,    2) (   1,    0) (   1,    0) (   1,    1) (   1,    1) (   1,    0) (   1,    0) (   1,    1)
          (   1,    2) (   1,    0) (   1,    1) (   1,    0) (   1,    2) (   1,    1) (   1,    1) (   1,    0) (   1,    0) (   1,    1)
          (   1,    2) (   1,    2) (   1,    0) (   1,    2) (   1,    0) (   1,    0) (   1,    3) (   1,    2) (   1,    2) (   1,    1)
          (   1,    1) (   1,    0) (   1,    1) (   1,    1) (   1,    0) (   1,    0) (   1,    0) (   1,    1) (   1,    0) (   1,    1)
          (   1,    0) (   1,    1) (   1,    1) (   1,    0) (   1,    0) (   1,    1) (   1,    0) (   1,    0) (   1,    0) (   1,    1)
          (   1,    0) (   1,    1) (   1,    2) (   1,    1) (   1,    0) (   1,    3) (   1,    0) (   1,    0) (   1,    1) (   1,    2)
          (   1,    1) (   1,    2) (   1,    1) (   1,    1) (   1,    1) (   1,    3) (   1,    1) (   1,    0) (   1,    0) (   1,    3)
          (   1,    1) (   1,    1) (   1,    1) (   1,    2) (   1,    0) (   1,    1) (   1,    0) (   1,    1) (   1,    1) (   1,    1)
          (   1,    3) (   1,    0) (   1,    0) (   1,    1) (   1,    0) (   1,    1) (   1,    1) (   1,    1) (   1,    2) (   1,    0)
         
node   9 sent_total    672  recv_total    659

node  10  (   0,    0) (   0,    0) (   1,    0) (   0,    0) (   1,    1) (   1,    0) (   1,    0) (   1,    0) (   1,    2) (   1,    0)
          (   1,    1) (   1,    2) (   1,    1) (   1,    1) (   1,    0) (   1,    0) (   1,    0) (   1,    0) (   1,    1) (   1,    1)
          (   1,    0) (   1,    1) (   1,    1) (   1,    1) (   1,    0) (   1,    3) (   1,    1) (   1,    0) (   1,    0) (   1,    0)
          (   1,    1) (   1,    0) (   1,    1) (   1,    0) (   1,    0) (   1,    2) (   1,    1) (   1,    0) (   1,    0) (   1,    1)
          (   1,    2) (   1,    2) (   1,    2) (   1,    0) (   1,    2) (   1,    0) (   1,    0) (   1,    1) (   1,    3) (   1,    0)
          (   1,    1) (   1,    0) (   0,    4) (   1,    0) (   0,    1) (   1,    1) (   1,    0) (   1,    0) (   0,    1) (   1,    1)
          (   1,    0) (   1,    2) (   1,    2) (   1,    1) (   1,    0) (   1,    0) (   1,    0) (   1,    0) (   1,    2) (   1,    1)
          (   0,    1) (   1,    0) (   1,    1) (   1,    0) (   1,    1) (   1,    3) (   1,    1) (   1,    0) (   1,    2) (   1,    1)
          (   1,    0) (   1,    2) (   1,    0) (   1,    2) (   1,    0) (   1,    0) (   1,    3) (   1,    3) (   1,    1) (   1,    1)
          (   1,    0) (   1,    2) (   1,    1) (   1,    0) (   1,    1) (   1,    0) (   1,    0) (   1,    1) (   1,    0) (   1,    3)
          (   1,    2) (   1,    0) (   1,    1) (   1,    1) (   1,    1) (   0,    1) (   1,    4) (   1,    1) (   1,    2) (   1,    1)
          (   1,    0) (   1,    0) (   1,    2) (   1,    1) (   1,    2) (   1,    2) (   1,    0) (   1,    1) (   1,    1) (   1,    0)
          (   1,    4) (   1,    0) (   1,    1) (   1,    0) (   1,    1) (   1,    2) (   1,    2) (   1,    1) (   1,    0) (   1,    1)
          (   1,    2) (   1,    0) (   1,    0) (   1,    1) (   0,    0) (   1,    1) (   1,    0) (   1,    0) (   1,    1) (   1,    1)
          (   1,    0) (   1,    1) (   1,    1) (   1,    0) (   1,    1) (   1,    1) (   1,    1) (   1,    0) (   1,    0) (   1,    1)
          (   1,    1) (   1,    1) (   1,    0) (   1,    2) (   1,    1) (   1,    2) (   1,    1) (   1,    1) (   1,    1) (   1,    0)
          (   1,    3) (   1,    1) (   1,    4) (   1,    1) (   1,    2) (   1,    2) (   1,    1) (   1,    0) (   1,    0) (   1,    0)
          (   1,    0) (   1,    1) (   1,    1) (   1,    2) (   1,    1) (   0,    1) (   1,    3) (   1,    1) (   1,    0) (   0,    0)
          (   0,    0) (   0,    0) (   1,    1) (   1,    1) (   1,    2) (   1,    2) (   1,    3) (   1,    0) (   1,    0) (   1,    1)
          (   1,    0) (   1,    0) (   1,    0) (   1,    0) (   1,    2) (   1,    0) (   1,    1) (   1,    1) (   1,    0) (   1,    2)
          (   1,    0) (   1,    2) (   1,    2) (   1,    0) (   1,    1) (   1,    0) (   1,    0) (   1,    0) (   1,    1) (   1,    0)
          (   1,    2) (   1,    1) (   1,    1) (   1,    1) (   1,    0) (   1,    0) (   1,    0) (   1,    0) (   1,    3) (   1,    2)
          (   1,    2) (   0,    0) (   0,    2) (   0,    0) (   1,    0) (   1,    0) (   1,    2) (   1,    2) (   1,    2) (   1,    0)
          (   0,    0) (   1,    1) (   1,    0) (   1,    0) (   1,    1) (   1,    1) (   1,    1) (   0,    1) (   1,    2) (   1,    0)
          (   1,    1) (   1,    0) (   1,    0) (   1,    1) (   1,    1) (   1,    1) (   1,    3) (   1,    2) (   1,    1) (   1,    0)
          (   1,    1) (   1,    0) (   1,    0) (   1,    1) (   1,    0) (   1,    2) (   0,    1) (   1,    0) (   1,    1) (   1,    0)
          (   1,    0) (   1,    1) (   1,    1) (   1,    3) (   1,    0) (   1,    0) (   1,    1) (   1,    1) (   1,    1) (   1,    2)
          (   1,    1) (   1,    2) (   1,    0) (   1,    1) (   1,    1) (   1,    2) (   1,    0) (   1,    1) (   1,    0) (   1,    0)
          (   1,    1) (   1,    3) (   1,    0) (   1,    2) (   1,    0) (   1,    3) (   1,    3) (   1,    0) (   1,    0) (   1,    0)
          (   1,    0) (   1,    1) (   1,    4) (   0,    3) (   1,    1) (   1,    0) (   1,    0) (   1,    1) (   1,    0) (   1,    0)
          (   1,    1) (   1,    1) (   1,    1) (   1,    0) (   1,    0) (   1,    1) (   1,    0) (   1,    1) (   1,    1) (   1,    1)
          (   1,    2) (   1,    1) (   1,    1) (   1,    1) (   1,    0) (   1,    1) (   1,    2) (   1,    1) (   1,    0) (   1,    1)
          (   1,    0) (   1,    2) (   1,    1) (   1,    0) (   1,    3) (   1,    0) (   1,    2) (   1,    0) (   1,    1) (   1,    1)
          (   1,    2) (   1,    1) (   1,    0) (   1,    0) (   1,    2) (   1,    1) (   1,    0) (   1,    1) (   1,    4) (   1,    0)
          (   1,    1) (   1,    3) (   1,    1) (   1,    0) (   1,    0) (   1,    0) (   1,    1) (   1,    0) (   1,    1) (   1,    1)
          (   1,    3) (   1,    2) (   1,    1) (   1,    1) (   1,    0) (   1,    2) (   1,    0) (   1,    1) (   1,    3) (   1,    1)
          (   1,    0) (   1,    3) (   1,    0) (   1,    4) (   1,    1) (   1,    2) (   1,    1) (   1,    0) (   1,    1) (   1,    2)
          (   1,    2) (   1,    0) (   1,    1) (   1,    0) (   1,    0) (   1,    4) (   1,    1) (   1,    2) (   1,    1) (   1,    1)
          (   1,    0) (   1,    0) (   1,    0) (   1,    0) (   1,    0) (   1,    1) (   1,    1) (   1,    2) (   1,    1) (   1,    2)
          (   1,    2) (   1,    1) (   1,    3) (   1,    0) (   1,    0) (   1,    1) (   1,    1) (   1,    0) (   1,    3) (   1,    4)
          (   1,    2) (   1,    1) (   1,    1) (   1,    1) (   1,    0) (   1,    3) (   1,    1) (   1,    2) (   1,    1) (   1,    2)
          (   1,    2) (   1,    0) (   1,    0) (   1,    2) (   1,    1) (   1,    1) (   1,    0) (   1,    0) (   1,    1) (   1,    1)
          (   1,    1) (   1,    1) (   1,    0) (   1,    1) (   1,    2) (   1,    0) (   1,    0) (   1,    2) (   1,    2) (   1,    2)
          (   1,    1) (   1,    1) (   1,    2) (   1,    0) (   1,    2) (   1,    1) (   1,    4) (   1,    0) (   1,    0) (   1,    1)
          (   1,    0) (   1,    1) (   1,    1) (   1,    3) (   1,    2) (   1,    1) (   1,    0) (   1,    0) (   1,    0) (   1,    0)
          (   1,    0) (   1,    1) (   1,    3) (   1,    0) (   1,    4) (   1,    3) (   1,    2) (   1,    0) (   1,    0) (   1,    1)
          (   1,    0) (   1,    3) (   1,    0) (   1,    2) (   1,    1) (   1,    1) (   1,    1) (   1,    1) (   1,    0) (   1,    1)
          (   1,    1) (   1,    1) (   1,    1) (   1,    1) (   1,    2) (   1,    0) (   1,    2) (   1,    1) (   1,    1) (   1,    1)
          (   1,    0) (   1,    1) (   1,    1) (   1,    1) (   1,    0) (   1,    2) (   1,    0) (   1,    1) (   1,    1) (   1,    0)
          (   1,    0) (   1,    0) (   1,    1) (   1,    1) (   1,    2) (   1,    1) (   1,    0) (   1,    0) (   1,    2) (   1,    2)
          (   1,    1) (   1,    0) (   1,    1) (   1,    2) (   1,    2) (   1,    1) (   1,    2) (   1,    0) (   1,    2) (   1,    3)
          (   1,    1) (   1,    0) (   1,    0) (   1,    0) (   1,    1) (   1,    2) (   1,    1) (   1,    2) (   1,    2) (   1,    1)
          (   1,    1) (   1,    1) (   1,    3) (   1,    0) (   1,    0) (   1,    1) (   1,    2) (   1,    1) (   1,    2) (   1,    1)
          (   1,    1) (   1,    0) (   1,    1) (   1,    1) (   1,    2) (   1,    1) (   1,    0) (   1,    0) (   1,    0) (   1,    2)
          (   1,    3) (   1,    2) (   1,    0) (   1,    1) (   1,    2) (   1,    0) (   1,    0) (   1,    0) (   1,    2) (   1,    1)
          (   1,    0) (   1,    3) (   1,    2) (   1,    0) (   1,    1) (   1,    2) (   1,    1) (   1,    0) (   1,    1) (   1,    0)
          (   1,    2) (   1,    2) (   1,    1) (   1,    0) (   1,    0) (   1,    3) (   1,    0) (   1,    1) (   1,    2) (   1,    0)
          (   1,    1) (   1,    3) (   1,    0) (   1,    0) (   1,    1) (   1,    1) (   1,    1) (   1,    1) (   1,    0) (   1,    1)
          (   1,    3) (   1,    1) (   1,    1) (   1,    2) (   1,    3) (   1,    0) (   1,    3) (   1,    1) (   1,    0) (   1,    0)
          (   1,    2) (   1,    1) (   1,    1) (   1,    2) (   1,    1) (   1,    1) (   1,    2) (   1,    1) (   1,    2) (   1,    2)
          (   1,    3) (   1,    1) (   1,    1) (   1,    1) (   1,    2) (   1,    1) (   1,    2) (   1,    1) (   1,    1) (   1,    1)
          (   1,    0) (   1,    0) (   1,    1) (   1,    1) (   1,    1) (   1,    2) (   1,    1) (   1,    1) (   1,    0) (   1,    1)
          (   1,    0) (   1,    2) (   1,    0) (   1,    3) (   1,    0) (   1,    1) (   1,    1) (   1,    2) (   1,    0) (   1,    0)
          (   1,    1) (   1,    1) (   1,    1) (   1,    0) (   1,    1) (   1,    1) (   1,    0) (   1,    0) (   1,    1) (   1,    1)
          (   1,    0) (   1,    0) (   1,    1) (   1,    1) (   1,    2) (   1,    2) (   1,    0) (   1,    0) (   1,    1) (   1,    3)
          (   1,    1) (   1,    2) (   1,    0) (   1,    2) (   1,    2) (   1,    1) (   1,    1) (   1,    1) (   1,    1) (   1,    3)
          (   1,    1) (   1,    0) (   1,    1) (   1,    1) (   1,    0) (   1,    0) (   1,    1) (   1,    1) (   1,    2) (   1,    0)
          (   1,    2) (   1,    1) (   1,    0) (   1,    3) (   1,    2) (   1,    1) (   1,    1) (   1,    0) (   1,    0) (   1,    0)
          (   1,    3) (   1,    0) (   1,    2) (   1,    2) (   1,    1) (   1,    0) (   1,    1) (   1,    1) (   1,    2) (   1,    0)
          (   1,    0) (   1,    3) (   1,    2) (   1,    0) (   1,    1) (   1,    2) (   1,    2) (   1,    1) (   1,    2) (   1,    2)
         
node  10 sent_total    680  recv_total    700

